*** Starting uWSGI 2.0.18 (64bit) on [Thu Mar 21 14:20:08 2019] ***
compiled with version: 4.8.5 20150623 (Red Hat 4.8.5-36) on 19 March 2019 09:05:57
os: Linux-4.19.5-1.el7.elrepo.x86_64 #1 SMP Tue Nov 27 12:40:57 EST 2018
nodename: host.localdomain
machine: x86_64
clock source: unix
pcre jit disabled
detected number of CPU cores: 2
current working directory: /usr/local/workspace/dingding
writing pidfile to /usr/local/workspace/dingding/uwsgi.pid
detected binary path: /usr/bin/uwsgi
*** WARNING: you are running uWSGI as root !!! (use the --uid flag) *** 
your processes number limit is 3915
your memory page size is 4096 bytes
detected max file descriptor number: 1024
!!! no /etc/mime.types file found !!!
lock engine: pthread robust mutexes
thunder lock: enabled
uWSGI http bound on 127.0.0.1:8001 fd 3
uwsgi socket 0 bound to UNIX address /usr/local/workspace/dingding/uwsgi.sock fd 6
*** WARNING: you are running uWSGI as root !!! (use the --uid flag) *** 
Python version: 2.7.5 (default, Oct 30 2018, 23:45:53)  [GCC 4.8.5 20150623 (Red Hat 4.8.5-36)]
Python main interpreter initialized at 0x2144110
*** WARNING: you are running uWSGI as root !!! (use the --uid flag) *** 
python threads support enabled
your server socket listen backlog is limited to 100 connections
your mercy for graceful operations on workers is 60 seconds
mapped 486672 bytes (475 KB) for 5 cores
*** Operational MODE: preforking ***
ImportError: No module named mysite.wsgi
unable to load app 0 (mountpoint='') (callable not found or import error)
*** no app loaded. going in full dynamic mode ***
*** WARNING: you are running uWSGI as root !!! (use the --uid flag) *** 
*** uWSGI is running in multiple interpreter mode ***
spawned uWSGI master process (pid: 22912)
spawned uWSGI worker 1 (pid: 22913, cores: 1)
spawned uWSGI worker 2 (pid: 22914, cores: 1)
spawned uWSGI worker 3 (pid: 22915, cores: 1)
spawned uWSGI worker 4 (pid: 22916, cores: 1)
spawned uWSGI worker 5 (pid: 22917, cores: 1)
spawned uWSGI http 1 (pid: 22918)
*** Starting uWSGI 2.0.18 (64bit) on [Thu Mar 21 14:25:29 2019] ***
compiled with version: 4.8.5 20150623 (Red Hat 4.8.5-36) on 19 March 2019 09:05:57
os: Linux-4.19.5-1.el7.elrepo.x86_64 #1 SMP Tue Nov 27 12:40:57 EST 2018
nodename: host.localdomain
machine: x86_64
clock source: unix
pcre jit disabled
detected number of CPU cores: 2
current working directory: /usr/local/workspace/dingding
writing pidfile to /usr/local/workspace/dingding/uwsgi.pid
detected binary path: /usr/bin/uwsgi
*** WARNING: you are running uWSGI as root !!! (use the --uid flag) *** 
your processes number limit is 3915
your memory page size is 4096 bytes
detected max file descriptor number: 1024
!!! no /etc/mime.types file found !!!
lock engine: pthread robust mutexes
thunder lock: enabled
uWSGI http bound on 127.0.0.1:8080 fd 3
uwsgi socket 0 bound to UNIX address /usr/local/workspace/dingding/uwsgi.sock fd 6
*** WARNING: you are running uWSGI as root !!! (use the --uid flag) *** 
Python version: 2.7.5 (default, Oct 30 2018, 23:45:53)  [GCC 4.8.5 20150623 (Red Hat 4.8.5-36)]
Python main interpreter initialized at 0xf62120
*** WARNING: you are running uWSGI as root !!! (use the --uid flag) *** 
python threads support enabled
your server socket listen backlog is limited to 100 connections
your mercy for graceful operations on workers is 60 seconds
mapped 486672 bytes (475 KB) for 5 cores
*** Operational MODE: preforking ***
Traceback (most recent call last):
  File "./dingding/wsgi.py", line 12, in <module>
    from django.core.wsgi import get_wsgi_application
ImportError: No module named django.core.wsgi
unable to load app 0 (mountpoint='') (callable not found or import error)
*** no app loaded. going in full dynamic mode ***
*** WARNING: you are running uWSGI as root !!! (use the --uid flag) *** 
*** uWSGI is running in multiple interpreter mode ***
spawned uWSGI master process (pid: 22941)
spawned uWSGI worker 1 (pid: 22942, cores: 1)
spawned uWSGI worker 2 (pid: 22943, cores: 1)
spawned uWSGI worker 3 (pid: 22944, cores: 1)
spawned uWSGI worker 4 (pid: 22945, cores: 1)
spawned uWSGI worker 5 (pid: 22946, cores: 1)
spawned uWSGI http 1 (pid: 22947)
Thu Mar 21 14:30:53 2019 - uWSGI worker 1 screams: UAAAAAAH my master disconnected: i will kill myself !!!
Thu Mar 21 14:30:53 2019 - uWSGI worker 2 screams: UAAAAAAH my master disconnected: i will kill myself !!!
Thu Mar 21 14:30:53 2019 - uWSGI worker 4 screams: UAAAAAAH my master disconnected: i will kill myself !!!
Thu Mar 21 14:30:53 2019 - uWSGI worker 3 screams: UAAAAAAH my master disconnected: i will kill myself !!!
Thu Mar 21 14:30:53 2019 - uWSGI worker 5 screams: UAAAAAAH my master disconnected: i will kill myself !!!
*** Starting uWSGI 2.0.18 (64bit) on [Thu Mar 21 14:31:04 2019] ***
compiled with version: 4.8.5 20150623 (Red Hat 4.8.5-36) on 19 March 2019 09:05:57
os: Linux-4.19.5-1.el7.elrepo.x86_64 #1 SMP Tue Nov 27 12:40:57 EST 2018
nodename: host.localdomain
machine: x86_64
clock source: unix
pcre jit disabled
detected number of CPU cores: 2
current working directory: /usr/local/workspace/dingding
writing pidfile to /usr/local/workspace/dingding/uwsgi.pid
detected binary path: /usr/bin/uwsgi
*** WARNING: you are running uWSGI as root !!! (use the --uid flag) *** 
your processes number limit is 3915
your memory page size is 4096 bytes
detected max file descriptor number: 1024
!!! no /etc/mime.types file found !!!
lock engine: pthread robust mutexes
thunder lock: enabled
uWSGI http bound on 127.0.0.1:8080 fd 3
uwsgi socket 0 bound to UNIX address /usr/local/workspace/dingding/uwsgi.sock fd 6
*** WARNING: you are running uWSGI as root !!! (use the --uid flag) *** 
Python version: 2.7.5 (default, Oct 30 2018, 23:45:53)  [GCC 4.8.5 20150623 (Red Hat 4.8.5-36)]
Python main interpreter initialized at 0x106c120
*** WARNING: you are running uWSGI as root !!! (use the --uid flag) *** 
python threads support enabled
your server socket listen backlog is limited to 100 connections
your mercy for graceful operations on workers is 60 seconds
mapped 486672 bytes (475 KB) for 5 cores
*** Operational MODE: preforking ***
WSGI app 0 (mountpoint='') ready in 0 seconds on interpreter 0x106c120 pid: 23008 (default app)
*** WARNING: you are running uWSGI as root !!! (use the --uid flag) *** 
*** uWSGI is running in multiple interpreter mode ***
spawned uWSGI master process (pid: 23008)
spawned uWSGI worker 1 (pid: 23013, cores: 1)
spawned uWSGI worker 2 (pid: 23014, cores: 1)
spawned uWSGI worker 3 (pid: 23015, cores: 1)
spawned uWSGI worker 4 (pid: 23016, cores: 1)
spawned uWSGI worker 5 (pid: 23017, cores: 1)
spawned uWSGI http 1 (pid: 23018)
Thu Mar 21 14:59:25 2019 - uWSGI worker 1 screams: UAAAAAAH my master disconnected: i will kill myself !!!
Thu Mar 21 14:59:25 2019 - uWSGI worker 3 screams: UAAAAAAH my master disconnected: i will kill myself !!!
Thu Mar 21 14:59:25 2019 - uWSGI worker 2 screams: UAAAAAAH my master disconnected: i will kill myself !!!
Thu Mar 21 14:59:25 2019 - uWSGI worker 4 screams: UAAAAAAH my master disconnected: i will kill myself !!!
Thu Mar 21 14:59:25 2019 - uWSGI worker 5 screams: UAAAAAAH my master disconnected: i will kill myself !!!
*** Starting uWSGI 2.0.18 (64bit) on [Thu Mar 21 14:59:38 2019] ***
compiled with version: 4.8.5 20150623 (Red Hat 4.8.5-36) on 21 March 2019 06:56:07
os: Linux-4.19.5-1.el7.elrepo.x86_64 #1 SMP Tue Nov 27 12:40:57 EST 2018
nodename: host.localdomain
machine: x86_64
clock source: unix
pcre jit disabled
detected number of CPU cores: 2
current working directory: /usr/local/workspace/dingding
writing pidfile to /usr/local/workspace/dingding/uwsgi.pid
detected binary path: /usr/local/python/envpy3/bin/uwsgi
*** WARNING: you are running uWSGI as root !!! (use the --uid flag) *** 
your processes number limit is 3915
your memory page size is 4096 bytes
detected max file descriptor number: 1024
!!! no /etc/mime.types file found !!!
lock engine: pthread robust mutexes
thunder lock: enabled
uWSGI http bound on 127.0.0.1:8080 fd 3
uwsgi socket 0 bound to UNIX address /usr/local/workspace/dingding/uwsgi.sock fd 6
*** WARNING: you are running uWSGI as root !!! (use the --uid flag) *** 
Python version: 3.6.5 (default, Mar 19 2019, 17:14:02)  [GCC 4.8.5 20150623 (Red Hat 4.8.5-36)]
Python main interpreter initialized at 0x1449920
*** WARNING: you are running uWSGI as root !!! (use the --uid flag) *** 
python threads support enabled
your server socket listen backlog is limited to 100 connections
your mercy for graceful operations on workers is 60 seconds
mapped 486672 bytes (475 KB) for 5 cores
*** Operational MODE: preforking ***
WSGI app 0 (mountpoint='') ready in 1 seconds on interpreter 0x1449920 pid: 24586 (default app)
*** WARNING: you are running uWSGI as root !!! (use the --uid flag) *** 
*** uWSGI is running in multiple interpreter mode ***
spawned uWSGI master process (pid: 24586)
spawned uWSGI worker 1 (pid: 24588, cores: 1)
spawned uWSGI worker 2 (pid: 24589, cores: 1)
spawned uWSGI worker 3 (pid: 24590, cores: 1)
spawned uWSGI worker 4 (pid: 24591, cores: 1)
spawned uWSGI worker 5 (pid: 24592, cores: 1)
spawned uWSGI http 1 (pid: 24593)
Job with id schedule.views.recount_job already in jobstore. I'll refresh it
[pid: 24588|app: 0|req: 1/1] 127.0.0.1 () {28 vars in 308 bytes} [Thu Mar 21 15:04:15 2019] GET /admin => generated 0 bytes in 530 msecs (HTTP/1.1 301) 3 headers in 112 bytes (1 switches on core 0)
Job with id schedule.views.recount_job already in jobstore. I'll refresh it
[pid: 24589|app: 0|req: 1/2] 127.0.0.1 () {28 vars in 308 bytes} [Thu Mar 21 15:04:19 2019] GET /admin => generated 0 bytes in 497 msecs (HTTP/1.1 301) 3 headers in 112 bytes (1 switches on core 0)
Job with id schedule.views.recount_job already in jobstore. I'll refresh it
[pid: 24590|app: 0|req: 1/3] 127.0.0.1 () {28 vars in 298 bytes} [Thu Mar 21 15:04:23 2019] GET / => generated 21 bytes in 527 msecs (HTTP/1.1 200) 3 headers in 100 bytes (1 switches on core 0)
now date time: 2019-03-21 07:04
now date time: 2019-03-21 07:04
<QuerySet [<Shift: Shift is A班上班>, <Shift: Shift is 测试>]>
<QuerySet [<Shift: Shift is A班上班>, <Shift: Shift is 测试>]>
A班上班
测试
A班上班
now date time: 2019-03-21 07:04, 2019-03-20 09:15
测试
now date time: 2019-03-21 07:04, 2019-03-20 09:15
Job with id schedule.views.recount_job already in jobstore. I'll refresh it
[pid: 24591|app: 0|req: 1/4] 127.0.0.1 () {30 vars in 347 bytes} [Thu Mar 21 15:04:40 2019] GET /admin => generated 0 bytes in 551 msecs (HTTP/1.1 301) 3 headers in 112 bytes (1 switches on core 0)
Job with id schedule.views.recount_job already in jobstore. I'll refresh it
[pid: 24592|app: 0|req: 1/5] 127.0.0.1 () {30 vars in 349 bytes} [Thu Mar 21 15:04:41 2019] GET /admin/ => generated 0 bytes in 569 msecs (HTTP/1.1 302) 7 headers in 265 bytes (1 switches on core 0)
[pid: 24588|app: 0|req: 2/6] 127.0.0.1 () {30 vars in 386 bytes} [Thu Mar 21 15:04:43 2019] GET /admin/login/?next=/admin/ => generated 1821 bytes in 105 msecs (HTTP/1.1 200) 7 headers in 395 bytes (1 switches on core 0)
now date time: 2019-03-21 07:04
<QuerySet [<Shift: Shift is A班上班>, <Shift: Shift is 测试>]>
A班上班
测试
now date time: 2019-03-21 07:04, 2019-03-20 09:15
now date time: 2019-03-21 07:04
now date time: 2019-03-21 07:04
<QuerySet [<Shift: Shift is A班上班>, <Shift: Shift is 测试>]>
A班上班
测试
now date time: 2019-03-21 07:04, 2019-03-20 09:15
<QuerySet [<Shift: Shift is A班上班>, <Shift: Shift is 测试>]>
A班上班
测试
now date time: 2019-03-21 07:04, 2019-03-20 09:15
now date time: 2019-03-21 07:04
<QuerySet [<Shift: Shift is A班上班>, <Shift: Shift is 测试>]>
A班上班
测试
now date time: 2019-03-21 07:04, 2019-03-20 09:15
now date time: 2019-03-21 07:05
now date time: 2019-03-21 07:05
<QuerySet [<Shift: Shift is A班上班>, <Shift: Shift is 测试>]>
<QuerySet [<Shift: Shift is A班上班>, <Shift: Shift is 测试>]>
A班上班
测试
now date time: 2019-03-21 07:05, 2019-03-20 09:15
A班上班
测试
now date time: 2019-03-21 07:05, 2019-03-20 09:15
now date time: 2019-03-21 07:05
now date time: 2019-03-21 07:05
<QuerySet [<Shift: Shift is A班上班>, <Shift: Shift is 测试>]>
A班上班
测试
now date time: 2019-03-21 07:05, 2019-03-20 09:15
<QuerySet [<Shift: Shift is A班上班>, <Shift: Shift is 测试>]>
A班上班
测试
now date time: 2019-03-21 07:05, 2019-03-20 09:15
now date time: 2019-03-21 07:05
<QuerySet [<Shift: Shift is A班上班>, <Shift: Shift is 测试>]>
A班上班
测试
now date time: 2019-03-21 07:05, 2019-03-20 09:15
now date time: 2019-03-21 07:05
now date time: 2019-03-21 07:05
<QuerySet [<Shift: Shift is A班上班>, <Shift: Shift is 测试>]>
A班上班
测试
now date time: 2019-03-21 07:05, 2019-03-20 09:15
<QuerySet [<Shift: Shift is A班上班>, <Shift: Shift is 测试>]>
A班上班
测试
now date time: 2019-03-21 07:05, 2019-03-20 09:15
now date time: 2019-03-21 07:05
<QuerySet [<Shift: Shift is A班上班>, <Shift: Shift is 测试>]>
A班上班
测试
now date time: 2019-03-21 07:05, 2019-03-20 09:15
now date time: 2019-03-21 07:05
<QuerySet [<Shift: Shift is A班上班>, <Shift: Shift is 测试>]>
A班上班
测试
now date time: 2019-03-21 07:05, 2019-03-20 09:15
now date time: 2019-03-21 07:05
<QuerySet [<Shift: Shift is A班上班>, <Shift: Shift is 测试>]>
A班上班
测试
now date time: 2019-03-21 07:05, 2019-03-20 09:15
now date time: 2019-03-21 07:06
<QuerySet [<Shift: Shift is A班上班>, <Shift: Shift is 测试>]>
A班上班
测试
now date time: 2019-03-21 07:06, 2019-03-20 09:15
now date time: 2019-03-21 07:06
<QuerySet [<Shift: Shift is A班上班>, <Shift: Shift is 测试>]>
A班上班
测试
now date time: 2019-03-21 07:06, 2019-03-20 09:15
now date time: 2019-03-21 07:06
now date time: 2019-03-21 07:06
<QuerySet [<Shift: Shift is A班上班>, <Shift: Shift is 测试>]>
<QuerySet [<Shift: Shift is A班上班>, <Shift: Shift is 测试>]>
A班上班
测试
now date time: 2019-03-21 07:06, 2019-03-20 09:15
A班上班
测试
now date time: 2019-03-21 07:06, 2019-03-20 09:15
now date time: 2019-03-21 07:06
<QuerySet [<Shift: Shift is A班上班>, <Shift: Shift is 测试>]>
A班上班
now date time: 2019-03-21 07:06
测试
now date time: 2019-03-21 07:06, 2019-03-20 09:15
<QuerySet [<Shift: Shift is A班上班>, <Shift: Shift is 测试>]>
A班上班
测试
now date time: 2019-03-21 07:06, 2019-03-20 09:15
now date time: 2019-03-21 07:06
<QuerySet [<Shift: Shift is A班上班>, <Shift: Shift is 测试>]>
A班上班
测试
now date time: 2019-03-21 07:06, 2019-03-20 09:15
now date time: 2019-03-21 07:06
<QuerySet [<Shift: Shift is A班上班>, <Shift: Shift is 测试>]>
A班上班
测试
now date time: 2019-03-21 07:06, 2019-03-20 09:15
now date time: 2019-03-21 07:07
<QuerySet [<Shift: Shift is A班上班>, <Shift: Shift is 测试>]>
now date time: 2019-03-21 07:07
A班上班
测试
now date time: 2019-03-21 07:07, 2019-03-20 09:15
<QuerySet [<Shift: Shift is A班上班>, <Shift: Shift is 测试>]>
A班上班
测试
now date time: 2019-03-21 07:07, 2019-03-20 09:15
now date time: 2019-03-21 07:07
<QuerySet [<Shift: Shift is A班上班>, <Shift: Shift is 测试>]>
A班上班
测试
now date time: 2019-03-21 07:07, 2019-03-20 09:15
now date time: 2019-03-21 07:07
now date time: 2019-03-21 07:07
<QuerySet [<Shift: Shift is A班上班>, <Shift: Shift is 测试>]>
A班上班
测试
now date time: 2019-03-21 07:07, 2019-03-20 09:15
<QuerySet [<Shift: Shift is A班上班>, <Shift: Shift is 测试>]>
A班上班
测试
now date time: 2019-03-21 07:07, 2019-03-20 09:15
now date time: 2019-03-21 07:07
<QuerySet [<Shift: Shift is A班上班>, <Shift: Shift is 测试>]>
A班上班
测试
now date time: 2019-03-21 07:07, 2019-03-20 09:15
now date time: 2019-03-21 07:08
<QuerySet [<Shift: Shift is A班上班>, <Shift: Shift is 测试>]>
now date time: 2019-03-21 07:08
A班上班
测试
now date time: 2019-03-21 07:08, 2019-03-20 09:15
<QuerySet [<Shift: Shift is A班上班>, <Shift: Shift is 测试>]>
A班上班
测试
now date time: 2019-03-21 07:08, 2019-03-20 09:15
now date time: 2019-03-21 07:08
now date time: 2019-03-21 07:08
<QuerySet [<Shift: Shift is A班上班>, <Shift: Shift is 测试>]>
A班上班
测试
now date time: 2019-03-21 07:08, 2019-03-20 09:15
<QuerySet [<Shift: Shift is A班上班>, <Shift: Shift is 测试>]>
A班上班
测试
now date time: 2019-03-21 07:08, 2019-03-20 09:15
now date time: 2019-03-21 07:08
<QuerySet [<Shift: Shift is A班上班>, <Shift: Shift is 测试>]>
A班上班
测试
now date time: 2019-03-21 07:08, 2019-03-20 09:15
now date time: 2019-03-21 07:08
now date time: 2019-03-21 07:08
<QuerySet [<Shift: Shift is A班上班>, <Shift: Shift is 测试>]>
A班上班
测试
now date time: 2019-03-21 07:08, 2019-03-20 09:15
now date time: 2019-03-21 07:08
<QuerySet [<Shift: Shift is A班上班>, <Shift: Shift is 测试>]>
A班上班
测试
now date time: 2019-03-21 07:08, 2019-03-20 09:15
now date time: 2019-03-21 07:08
<QuerySet [<Shift: Shift is A班上班>, <Shift: Shift is 测试>]>
A班上班
测试
now date time: 2019-03-21 07:08, 2019-03-20 09:15
<QuerySet [<Shift: Shift is A班上班>, <Shift: Shift is 测试>]>
A班上班
测试
now date time: 2019-03-21 07:08, 2019-03-20 09:15
now date time: 2019-03-21 07:08
<QuerySet [<Shift: Shift is A班上班>, <Shift: Shift is 测试>]>
A班上班
测试
now date time: 2019-03-21 07:08, 2019-03-20 09:15
now date time: 2019-03-21 07:09
<QuerySet [<Shift: Shift is A班上班>, <Shift: Shift is 测试>]>
A班上班
测试
now date time: 2019-03-21 07:09, 2019-03-20 09:15
now date time: 2019-03-21 07:09
<QuerySet [<Shift: Shift is A班上班>, <Shift: Shift is 测试>]>
A班上班
测试
now date time: 2019-03-21 07:09, 2019-03-20 09:15
now date time: 2019-03-21 07:09
<QuerySet [<Shift: Shift is A班上班>, <Shift: Shift is 测试>]>
A班上班
测试
now date time: 2019-03-21 07:09, 2019-03-20 09:15
now date time: 2019-03-21 07:09
<QuerySet [<Shift: Shift is A班上班>, <Shift: Shift is 测试>]>
A班上班
测试
now date time: 2019-03-21 07:09, 2019-03-20 09:15
now date time: 2019-03-21 07:09
<QuerySet [<Shift: Shift is A班上班>, <Shift: Shift is 测试>]>
now date time: 2019-03-21 07:09
<QuerySet [<Shift: Shift is A班上班>, <Shift: Shift is 测试>]>
A班上班
测试
now date time: 2019-03-21 07:09, 2019-03-20 09:15
A班上班
测试
now date time: 2019-03-21 07:09, 2019-03-20 09:15
now date time: 2019-03-21 07:09
<QuerySet [<Shift: Shift is A班上班>, <Shift: Shift is 测试>]>
A班上班
测试
now date time: 2019-03-21 07:09, 2019-03-20 09:15
[pid: 24589|app: 0|req: 2/7] 127.0.0.1 () {28 vars in 307 bytes} [Thu Mar 21 15:10:04 2019] GET /admin => generated 0 bytes in 2 msecs (HTTP/1.1 301) 3 headers in 112 bytes (1 switches on core 0)
now date time: 2019-03-21 07:10
<QuerySet [<Shift: Shift is A班上班>, <Shift: Shift is 测试>]>
A班上班
测试
now date time: 2019-03-21 07:10, 2019-03-20 09:15
now date time: 2019-03-21 07:10
now date time: 2019-03-21 07:10
<QuerySet [<Shift: Shift is A班上班>, <Shift: Shift is 测试>]>
A班上班
测试
now date time: 2019-03-21 07:10, 2019-03-20 09:15
<QuerySet [<Shift: Shift is A班上班>, <Shift: Shift is 测试>]>
A班上班
测试
now date time: 2019-03-21 07:10, 2019-03-20 09:15
now date time: 2019-03-21 07:10
<QuerySet [<Shift: Shift is A班上班>, <Shift: Shift is 测试>]>
A班上班
测试
now date time: 2019-03-21 07:10, 2019-03-20 09:15
now date time: 2019-03-21 07:10
now date time: 2019-03-21 07:10
<QuerySet [<Shift: Shift is A班上班>, <Shift: Shift is 测试>]>
A班上班
测试
now date time: 2019-03-21 07:10, 2019-03-20 09:15
<QuerySet [<Shift: Shift is A班上班>, <Shift: Shift is 测试>]>
A班上班
测试
now date time: 2019-03-21 07:10, 2019-03-20 09:15
now date time: 2019-03-21 07:11
<QuerySet [<Shift: Shift is A班上班>, <Shift: Shift is 测试>]>
A班上班
测试
now date time: 2019-03-21 07:11, 2019-03-20 09:15
now date time: 2019-03-21 07:11
now date time: 2019-03-21 07:11
<QuerySet [<Shift: Shift is A班上班>, <Shift: Shift is 测试>]>
A班上班
测试
now date time: 2019-03-21 07:11, 2019-03-20 09:15
<QuerySet [<Shift: Shift is A班上班>, <Shift: Shift is 测试>]>
now date time: 2019-03-21 07:11
<QuerySet [<Shift: Shift is A班上班>, <Shift: Shift is 测试>]>
A班上班
测试
now date time: 2019-03-21 07:11, 2019-03-20 09:15
A班上班
测试
now date time: 2019-03-21 07:11, 2019-03-20 09:15
now date time: 2019-03-21 07:11
<QuerySet [<Shift: Shift is A班上班>, <Shift: Shift is 测试>]>
A班上班
测试
now date time: 2019-03-21 07:11, 2019-03-20 09:15
now date time: 2019-03-21 07:11
now date time: 2019-03-21 07:11
<QuerySet [<Shift: Shift is A班上班>, <Shift: Shift is 测试>]>
A班上班
测试
now date time: 2019-03-21 07:11, 2019-03-20 09:15
<QuerySet [<Shift: Shift is A班上班>, <Shift: Shift is 测试>]>
A班上班
测试
now date time: 2019-03-21 07:11, 2019-03-20 09:15
now date time: 2019-03-21 07:12
<QuerySet [<Shift: Shift is A班上班>, <Shift: Shift is 测试>]>
A班上班
测试
now date time: 2019-03-21 07:12, 2019-03-20 09:15
now date time: 2019-03-21 07:12
<QuerySet [<Shift: Shift is A班上班>, <Shift: Shift is 测试>]>
A班上班
测试
now date time: 2019-03-21 07:12, 2019-03-20 09:15
now date time: 2019-03-21 07:12
<QuerySet [<Shift: Shift is A班上班>, <Shift: Shift is 测试>]>
A班上班
测试
now date time: 2019-03-21 07:12, 2019-03-20 09:15
now date time: 2019-03-21 07:12
now date time: 2019-03-21 07:12
<QuerySet [<Shift: Shift is A班上班>, <Shift: Shift is 测试>]>
A班上班
测试
now date time: 2019-03-21 07:12, 2019-03-20 09:15
<QuerySet [<Shift: Shift is A班上班>, <Shift: Shift is 测试>]>
A班上班
测试
now date time: 2019-03-21 07:12, 2019-03-20 09:15
now date time: 2019-03-21 07:12
<QuerySet [<Shift: Shift is A班上班>, <Shift: Shift is 测试>]>
A班上班
测试
now date time: 2019-03-21 07:12, 2019-03-20 09:15
now date time: 2019-03-21 07:13
<QuerySet [<Shift: Shift is A班上班>, <Shift: Shift is 测试>]>
A班上班
测试
now date time: 2019-03-21 07:13, 2019-03-20 09:15
now date time: 2019-03-21 07:13
<QuerySet [<Shift: Shift is A班上班>, <Shift: Shift is 测试>]>
A班上班
测试
now date time: 2019-03-21 07:13, 2019-03-20 09:15
now date time: 2019-03-21 07:13
now date time: 2019-03-21 07:13
<QuerySet [<Shift: Shift is A班上班>, <Shift: Shift is 测试>]>
A班上班
测试
now date time: 2019-03-21 07:13, 2019-03-20 09:15
<QuerySet [<Shift: Shift is A班上班>, <Shift: Shift is 测试>]>
A班上班
测试
now date time: 2019-03-21 07:13, 2019-03-20 09:15
now date time: 2019-03-21 07:13
now date time: 2019-03-21 07:13
<QuerySet [<Shift: Shift is A班上班>, <Shift: Shift is 测试>]>
A班上班
测试
now date time: 2019-03-21 07:13, 2019-03-20 09:15
<QuerySet [<Shift: Shift is A班上班>, <Shift: Shift is 测试>]>
A班上班
测试
now date time: 2019-03-21 07:13, 2019-03-20 09:15
now date time: 2019-03-21 07:14
<QuerySet [<Shift: Shift is A班上班>, <Shift: Shift is 测试>]>
A班上班
测试
now date time: 2019-03-21 07:14, 2019-03-20 09:15
now date time: 2019-03-21 07:14
<QuerySet [<Shift: Shift is A班上班>, <Shift: Shift is 测试>]>
now date time: 2019-03-21 07:14
A班上班
测试
now date time: 2019-03-21 07:14, 2019-03-20 09:15
<QuerySet [<Shift: Shift is A班上班>, <Shift: Shift is 测试>]>
A班上班
测试
now date time: 2019-03-21 07:14, 2019-03-20 09:15
now date time: 2019-03-21 07:14
<QuerySet [<Shift: Shift is A班上班>, <Shift: Shift is 测试>]>
A班上班
测试
now date time: 2019-03-21 07:14, 2019-03-20 09:15
[pid: 24590|app: 0|req: 2/8] 103.218.216.103 () {38 vars in 553 bytes} [Thu Mar 21 15:14:50 2019] GET / => generated 21 bytes in 8 msecs (HTTP/1.1 200) 3 headers in 100 bytes (1 switches on core 0)
now date time: 2019-03-21 07:14
now date time: 2019-03-21 07:14
<QuerySet [<Shift: Shift is A班上班>, <Shift: Shift is 测试>]>
A班上班
测试
now date time: 2019-03-21 07:14, 2019-03-20 09:15
<QuerySet [<Shift: Shift is A班上班>, <Shift: Shift is 测试>]>
A班上班
测试
now date time: 2019-03-21 07:14, 2019-03-20 09:15
[pid: 24591|app: 0|req: 2/9] 103.218.216.103 () {38 vars in 553 bytes} [Thu Mar 21 15:15:02 2019] GET / => generated 21 bytes in 15 msecs (HTTP/1.1 200) 3 headers in 100 bytes (1 switches on core 0)
[pid: 24592|app: 0|req: 2/10] 103.218.216.103 () {38 vars in 553 bytes} [Thu Mar 21 15:15:09 2019] GET / => generated 21 bytes in 3 msecs (HTTP/1.1 200) 3 headers in 100 bytes (1 switches on core 0)
now date time: 2019-03-21 07:15
<QuerySet [<Shift: Shift is A班上班>, <Shift: Shift is 测试>]>
A班上班
测试
now date time: 2019-03-21 07:15, 2019-03-20 09:15
now date time: 2019-03-21 07:15
<QuerySet [<Shift: Shift is A班上班>, <Shift: Shift is 测试>]>
A班上班
测试
now date time: 2019-03-21 07:15, 2019-03-20 09:15
now date time: 2019-03-21 07:15
now date time: 2019-03-21 07:15
<QuerySet [<Shift: Shift is A班上班>, <Shift: Shift is 测试>]>
A班上班
测试
now date time: 2019-03-21 07:15, 2019-03-20 09:15
<QuerySet [<Shift: Shift is A班上班>, <Shift: Shift is 测试>]>
A班上班
测试
now date time: 2019-03-21 07:15, 2019-03-20 09:15
[pid: 24588|app: 0|req: 3/11] 103.218.216.103 () {38 vars in 563 bytes} [Thu Mar 21 15:15:48 2019] GET /admin => generated 0 bytes in 4 msecs (HTTP/1.1 301) 3 headers in 112 bytes (1 switches on core 0)
[pid: 24589|app: 0|req: 3/12] 103.218.216.103 () {38 vars in 565 bytes} [Thu Mar 21 15:15:49 2019] GET /admin/ => generated 0 bytes in 51 msecs (HTTP/1.1 302) 7 headers in 265 bytes (1 switches on core 0)
[pid: 24590|app: 0|req: 3/13] 103.218.216.103 () {38 vars in 602 bytes} [Thu Mar 21 15:15:49 2019] GET /admin/login/?next=/admin/ => generated 1821 bytes in 136 msecs (HTTP/1.1 200) 7 headers in 395 bytes (1 switches on core 0)
Not Found: /favicon.ico
[pid: 24591|app: 0|req: 3/14] 103.218.216.103 () {38 vars in 601 bytes} [Thu Mar 21 15:15:51 2019] GET /favicon.ico => generated 2142 bytes in 13 msecs (HTTP/1.1 404) 3 headers in 102 bytes (1 switches on core 0)
now date time: 2019-03-21 07:15
<QuerySet [<Shift: Shift is A班上班>, <Shift: Shift is 测试>]>
A班上班
测试
now date time: 2019-03-21 07:15, 2019-03-20 09:15
now date time: 2019-03-21 07:16
now date time: 2019-03-21 07:16
<QuerySet [<Shift: Shift is A班上班>, <Shift: Shift is 测试>]>
A班上班
测试
now date time: 2019-03-21 07:16, 2019-03-20 09:15
<QuerySet [<Shift: Shift is A班上班>, <Shift: Shift is 测试>]>
A班上班
测试
now date time: 2019-03-21 07:16, 2019-03-20 09:15
now date time: 2019-03-21 07:16
<QuerySet [<Shift: Shift is A班上班>, <Shift: Shift is 测试>]>
A班上班
测试
now date time: 2019-03-21 07:16, 2019-03-20 09:15
now date time: 2019-03-21 07:16
now date time: 2019-03-21 07:16
<QuerySet [<Shift: Shift is A班上班>, <Shift: Shift is 测试>]>
A班上班
测试
now date time: 2019-03-21 07:16, 2019-03-20 09:15
<QuerySet [<Shift: Shift is A班上班>, <Shift: Shift is 测试>]>
A班上班
测试
now date time: 2019-03-21 07:16, 2019-03-20 09:15
now date time: 2019-03-21 07:16
<QuerySet [<Shift: Shift is A班上班>, <Shift: Shift is 测试>]>
now date time: 2019-03-21 07:16
A班上班
测试
now date time: 2019-03-21 07:16, 2019-03-20 09:15
<QuerySet [<Shift: Shift is A班上班>, <Shift: Shift is 测试>]>
A班上班
测试
now date time: 2019-03-21 07:16, 2019-03-20 09:15
now date time: 2019-03-21 07:16
<QuerySet [<Shift: Shift is A班上班>, <Shift: Shift is 测试>]>
A班上班
测试
now date time: 2019-03-21 07:16, 2019-03-20 09:15
now date time: 2019-03-21 07:17
now date time: 2019-03-21 07:17
<QuerySet [<Shift: Shift is A班上班>, <Shift: Shift is 测试>]>
now date time: 2019-03-21 07:17
<QuerySet [<Shift: Shift is A班上班>, <Shift: Shift is 测试>]>
now date time: 2019-03-21 07:17
A班上班
测试
now date time: 2019-03-21 07:17, 2019-03-20 09:15
<QuerySet [<Shift: Shift is A班上班>, <Shift: Shift is 测试>]>
A班上班
A班上班
测试
now date time: 2019-03-21 07:17, 2019-03-20 09:15
测试
now date time: 2019-03-21 07:17, 2019-03-20 09:15
<QuerySet [<Shift: Shift is A班上班>, <Shift: Shift is 测试>]>
A班上班
测试
now date time: 2019-03-21 07:17, 2019-03-20 09:15
now date time: 2019-03-21 07:17
<QuerySet [<Shift: Shift is A班上班>, <Shift: Shift is 测试>]>
A班上班
测试
now date time: 2019-03-21 07:17, 2019-03-20 09:15
now date time: 2019-03-21 07:17
now date time: 2019-03-21 07:17
<QuerySet [<Shift: Shift is A班上班>, <Shift: Shift is 测试>]>
A班上班
测试
now date time: 2019-03-21 07:17, 2019-03-20 09:15
<QuerySet [<Shift: Shift is A班上班>, <Shift: Shift is 测试>]>
A班上班
测试
now date time: 2019-03-21 07:17, 2019-03-20 09:15
now date time: 2019-03-21 07:17
<QuerySet [<Shift: Shift is A班上班>, <Shift: Shift is 测试>]>
now date time: 2019-03-21 07:17
A班上班
测试
now date time: 2019-03-21 07:17, 2019-03-20 09:15
<QuerySet [<Shift: Shift is A班上班>, <Shift: Shift is 测试>]>
A班上班
测试
now date time: 2019-03-21 07:17, 2019-03-20 09:15
now date time: 2019-03-21 07:18
now date time: 2019-03-21 07:18
<QuerySet [<Shift: Shift is A班上班>, <Shift: Shift is 测试>]>
<QuerySet [<Shift: Shift is A班上班>, <Shift: Shift is 测试>]>
A班上班
测试
now date time: 2019-03-21 07:18, 2019-03-20 09:15
A班上班
测试
now date time: 2019-03-21 07:18, 2019-03-20 09:15
now date time: 2019-03-21 07:18
<QuerySet [<Shift: Shift is A班上班>, <Shift: Shift is 测试>]>
A班上班
测试
now date time: 2019-03-21 07:18, 2019-03-20 09:15
now date time: 2019-03-21 07:18
<QuerySet [<Shift: Shift is A班上班>, <Shift: Shift is 测试>]>
A班上班
测试
now date time: 2019-03-21 07:18, 2019-03-20 09:15
now date time: 2019-03-21 07:18
now date time: 2019-03-21 07:18
<QuerySet [<Shift: Shift is A班上班>, <Shift: Shift is 测试>]>
A班上班
测试
now date time: 2019-03-21 07:18, 2019-03-20 09:15
<QuerySet [<Shift: Shift is A班上班>, <Shift: Shift is 测试>]>
A班上班
测试
now date time: 2019-03-21 07:18, 2019-03-20 09:15
now date time: 2019-03-21 07:18
<QuerySet [<Shift: Shift is A班上班>, <Shift: Shift is 测试>]>
A班上班
测试
now date time: 2019-03-21 07:18, 2019-03-20 09:15
now date time: 2019-03-21 07:19
<QuerySet [<Shift: Shift is A班上班>, <Shift: Shift is 测试>]>
A班上班
测试
now date time: 2019-03-21 07:19, 2019-03-20 09:15
now date time: 2019-03-21 07:19
now date time: 2019-03-21 07:19
<QuerySet [<Shift: Shift is A班上班>, <Shift: Shift is 测试>]>
A班上班
测试
now date time: 2019-03-21 07:19, 2019-03-20 09:15
<QuerySet [<Shift: Shift is A班上班>, <Shift: Shift is 测试>]>
A班上班
测试
now date time: 2019-03-21 07:19, 2019-03-20 09:15
now date time: 2019-03-21 07:19
<QuerySet [<Shift: Shift is A班上班>, <Shift: Shift is 测试>]>
A班上班
测试
now date time: 2019-03-21 07:19, 2019-03-20 09:15
now date time: 2019-03-21 07:19
<QuerySet [<Shift: Shift is A班上班>, <Shift: Shift is 测试>]>
A班上班
测试
now date time: 2019-03-21 07:19, 2019-03-20 09:15
now date time: 2019-03-21 07:20
now date time: 2019-03-21 07:20
<QuerySet [<Shift: Shift is A班上班>, <Shift: Shift is 测试>]>
A班上班
测试
now date time: 2019-03-21 07:20, 2019-03-20 09:15
<QuerySet [<Shift: Shift is A班上班>, <Shift: Shift is 测试>]>
A班上班
测试
now date time: 2019-03-21 07:20, 2019-03-20 09:15
Thu Mar 21 15:20:15 2019 - uWSGI worker 5 screams: UAAAAAAH my master disconnected: i will kill myself !!!
Thu Mar 21 15:20:15 2019 - uWSGI worker 1 screams: UAAAAAAH my master disconnected: i will kill myself !!!
Thu Mar 21 15:20:15 2019 - uWSGI worker 2 screams: UAAAAAAH my master disconnected: i will kill myself !!!
Thu Mar 21 15:20:15 2019 - uWSGI worker 3 screams: UAAAAAAH my master disconnected: i will kill myself !!!
Thu Mar 21 15:20:15 2019 - uWSGI worker 4 screams: UAAAAAAH my master disconnected: i will kill myself !!!
*** Starting uWSGI 2.0.18 (64bit) on [Thu Mar 21 15:20:29 2019] ***
compiled with version: 4.8.5 20150623 (Red Hat 4.8.5-36) on 21 March 2019 06:56:07
os: Linux-4.19.5-1.el7.elrepo.x86_64 #1 SMP Tue Nov 27 12:40:57 EST 2018
nodename: host.localdomain
machine: x86_64
clock source: unix
pcre jit disabled
detected number of CPU cores: 2
current working directory: /usr/local/workspace/dingding
writing pidfile to /usr/local/workspace/dingding/uwsgi.pid
detected binary path: /usr/local/python/envpy3/bin/uwsgi
*** WARNING: you are running uWSGI as root !!! (use the --uid flag) *** 
your processes number limit is 3915
your memory page size is 4096 bytes
detected max file descriptor number: 1024
!!! no /etc/mime.types file found !!!
lock engine: pthread robust mutexes
thunder lock: enabled
uWSGI http bound on 127.0.0.1:8080 fd 3
uwsgi socket 0 bound to UNIX address /usr/local/workspace/dingding/uwsgi.sock fd 6
*** WARNING: you are running uWSGI as root !!! (use the --uid flag) *** 
Python version: 3.6.5 (default, Mar 19 2019, 17:14:02)  [GCC 4.8.5 20150623 (Red Hat 4.8.5-36)]
Python main interpreter initialized at 0x21d6930
*** WARNING: you are running uWSGI as root !!! (use the --uid flag) *** 
python threads support enabled
your server socket listen backlog is limited to 100 connections
your mercy for graceful operations on workers is 60 seconds
mapped 486672 bytes (475 KB) for 5 cores
*** Operational MODE: preforking ***
WSGI app 0 (mountpoint='') ready in 0 seconds on interpreter 0x21d6930 pid: 24851 (default app)
*** WARNING: you are running uWSGI as root !!! (use the --uid flag) *** 
*** uWSGI is running in multiple interpreter mode ***
spawned uWSGI master process (pid: 24851)
spawned uWSGI worker 1 (pid: 24853, cores: 1)
spawned uWSGI worker 2 (pid: 24854, cores: 1)
spawned uWSGI worker 3 (pid: 24855, cores: 1)
spawned uWSGI worker 4 (pid: 24856, cores: 1)
spawned uWSGI worker 5 (pid: 24857, cores: 1)
spawned uWSGI http 1 (pid: 24858)
Job with id schedule.views.recount_job already in jobstore. I'll refresh it
[pid: 24853|app: 0|req: 1/1] 127.0.0.1 () {46 vars in 877 bytes} [Thu Mar 21 16:38:01 2019] GET / => generated 21 bytes in 723 msecs (HTTP/1.1 200) 3 headers in 100 bytes (1 switches on core 0)
Job with id schedule.views.recount_job already in jobstore. I'll refresh it
[pid: 24854|app: 0|req: 1/2] 127.0.0.1 () {42 vars in 763 bytes} [Thu Mar 21 16:38:06 2019] GET /admin => generated 0 bytes in 569 msecs (HTTP/1.1 301) 3 headers in 112 bytes (1 switches on core 0)
Job with id schedule.views.recount_job already in jobstore. I'll refresh it
[pid: 24855|app: 0|req: 1/3] 127.0.0.1 () {42 vars in 765 bytes} [Thu Mar 21 16:38:07 2019] GET /admin/ => generated 0 bytes in 616 msecs (HTTP/1.1 302) 7 headers in 265 bytes (1 switches on core 0)
Job with id schedule.views.recount_job already in jobstore. I'll refresh it
[pid: 24857|app: 0|req: 1/4] 127.0.0.1 () {42 vars in 802 bytes} [Thu Mar 21 16:38:08 2019] GET /admin/login/?next=/admin/ => generated 1821 bytes in 721 msecs (HTTP/1.1 200) 7 headers in 395 bytes (1 switches on core 0)
[pid: 24856|app: -1|req: -1/5] 127.0.0.1 () {44 vars in 878 bytes} [Thu Mar 21 16:38:09 2019] GET /static/admin/css/base.css => generated 16225 bytes in 0 msecs via sendfile() (HTTP/1.1 200) 2 headers in 88 bytes (0 switches on core 0)
[pid: 24853|app: -1|req: -1/6] 127.0.0.1 () {44 vars in 890 bytes} [Thu Mar 21 16:38:09 2019] GET /static/admin/css/responsive.css => generated 17976 bytes in 0 msecs via sendfile() (HTTP/1.1 200) 2 headers in 88 bytes (0 switches on core 0)
[pid: 24854|app: -1|req: -1/7] 127.0.0.1 () {44 vars in 880 bytes} [Thu Mar 21 16:38:09 2019] GET /static/admin/css/login.css => generated 1203 bytes in 0 msecs via sendfile() (HTTP/1.1 200) 2 headers in 87 bytes (0 switches on core 0)
[pid: 24855|app: 0|req: 2/8] 127.0.0.1 () {40 vars in 614 bytes} [Thu Mar 21 16:38:10 2019] GET /favicon.ico => generated 77 bytes in 21 msecs (HTTP/1.1 404) 3 headers in 100 bytes (1 switches on core 0)
[pid: 24857|app: 0|req: 2/9] 127.0.0.1 () {52 vars in 1059 bytes} [Thu Mar 21 16:38:23 2019] POST /admin/login/?next=/admin/ => generated 1957 bytes in 177 msecs (HTTP/1.1 200) 7 headers in 395 bytes (1 switches on core 0)
now date time: 2019-03-21 08:38
now date time: 2019-03-21 08:38
now date time: 2019-03-21 08:38
now date time: 2019-03-21 08:38
<QuerySet [<Shift: Shift is A班上班>, <Shift: Shift is 测试>]>
A班上班
测试
now date time: 2019-03-21 08:38, 2019-03-20 09:15
<QuerySet [<Shift: Shift is A班上班>, <Shift: Shift is 测试>]>
A班上班
测试
now date time: 2019-03-21 08:38, 2019-03-20 09:15
<QuerySet [<Shift: Shift is A班上班>, <Shift: Shift is 测试>]>
<QuerySet [<Shift: Shift is A班上班>, <Shift: Shift is 测试>]>
A班上班
测试
now date time: 2019-03-21 08:38, 2019-03-20 09:15
A班上班
测试
now date time: 2019-03-21 08:38, 2019-03-20 09:15
Job with id schedule.views.recount_job already in jobstore. I'll refresh it
[pid: 24856|app: 0|req: 1/10] 127.0.0.1 () {40 vars in 614 bytes} [Thu Mar 21 16:38:24 2019] GET /favicon.ico => generated 77 bytes in 629 msecs (HTTP/1.1 404) 3 headers in 100 bytes (1 switches on core 0)
[pid: 24853|app: 0|req: 2/11] 127.0.0.1 () {52 vars in 1059 bytes} [Thu Mar 21 16:38:31 2019] POST /admin/login/?next=/admin/ => generated 1957 bytes in 260 msecs (HTTP/1.1 200) 7 headers in 395 bytes (1 switches on core 0)
now date time: 2019-03-21 08:38
now date time: 2019-03-21 08:38
<QuerySet [<Shift: Shift is A班上班>, <Shift: Shift is 测试>]>
<QuerySet [<Shift: Shift is A班上班>, <Shift: Shift is 测试>]>
A班上班
测试
now date time: 2019-03-21 08:38, 2019-03-20 09:15
now date time: 2019-03-21 08:38
A班上班
测试
now date time: 2019-03-21 08:38, 2019-03-20 09:15
now date time: 2019-03-21 08:38
<QuerySet [<Shift: Shift is A班上班>, <Shift: Shift is 测试>]>
<QuerySet [<Shift: Shift is A班上班>, <Shift: Shift is 测试>]>
A班上班
测试
now date time: 2019-03-21 08:38, 2019-03-20 09:15
A班上班
测试
now date time: 2019-03-21 08:38, 2019-03-20 09:15
now date time: 2019-03-21 08:38
<QuerySet [<Shift: Shift is A班上班>, <Shift: Shift is 测试>]>
A班上班
测试
now date time: 2019-03-21 08:38, 2019-03-20 09:15
[pid: 24854|app: 0|req: 2/12] 127.0.0.1 () {52 vars in 1059 bytes} [Thu Mar 21 16:38:40 2019] POST /admin/login/?next=/admin/ => generated 0 bytes in 228 msecs (HTTP/1.1 302) 9 headers in 559 bytes (1 switches on core 0)
[pid: 24855|app: 0|req: 3/13] 127.0.0.1 () {48 vars in 995 bytes} [Thu Mar 21 16:38:41 2019] GET /admin/ => generated 6680 bytes in 86 msecs (HTTP/1.1 200) 6 headers in 227 bytes (1 switches on core 0)
[pid: 24857|app: -1|req: -1/14] 127.0.0.1 () {44 vars in 913 bytes} [Thu Mar 21 16:38:41 2019] GET /static/admin/css/dashboard.css => generated 412 bytes in 0 msecs via sendfile() (HTTP/1.1 200) 2 headers in 86 bytes (0 switches on core 0)
now date time: 2019-03-21 08:38
<QuerySet [<Shift: Shift is A班上班>, <Shift: Shift is 测试>]>
A班上班
测试
now date time: 2019-03-21 08:38, 2019-03-20 09:15
now date time: 2019-03-21 08:39
now date time: 2019-03-21 08:39
<QuerySet [<Shift: Shift is A班上班>, <Shift: Shift is 测试>]>
A班上班
测试
now date time: 2019-03-21 08:39, 2019-03-20 09:15
<QuerySet [<Shift: Shift is A班上班>, <Shift: Shift is 测试>]>
A班上班
测试
now date time: 2019-03-21 08:39, 2019-03-20 09:15
now date time: 2019-03-21 08:39
<QuerySet [<Shift: Shift is A班上班>, <Shift: Shift is 测试>]>
A班上班
测试
now date time: 2019-03-21 08:39, 2019-03-20 09:15
now date time: 2019-03-21 08:39
<QuerySet [<Shift: Shift is A班上班>, <Shift: Shift is 测试>]>
A班上班
测试
now date time: 2019-03-21 08:39, 2019-03-20 09:15
now date time: 2019-03-21 08:39
<QuerySet [<Shift: Shift is A班上班>, <Shift: Shift is 测试>]>
A班上班
测试
now date time: 2019-03-21 08:39, 2019-03-20 09:15
now date time: 2019-03-21 08:39
<QuerySet [<Shift: Shift is A班上班>, <Shift: Shift is 测试>]>
A班上班
测试
now date time: 2019-03-21 08:39, 2019-03-20 09:15
now date time: 2019-03-21 08:39
now date time: 2019-03-21 08:39
<QuerySet [<Shift: Shift is A班上班>, <Shift: Shift is 测试>]>
A班上班
测试
now date time: 2019-03-21 08:39, 2019-03-20 09:15
<QuerySet [<Shift: Shift is A班上班>, <Shift: Shift is 测试>]>
A班上班
测试
now date time: 2019-03-21 08:39, 2019-03-20 09:15
now date time: 2019-03-21 08:39
<QuerySet [<Shift: Shift is A班上班>, <Shift: Shift is 测试>]>
A班上班
测试
now date time: 2019-03-21 08:39, 2019-03-20 09:15
now date time: 2019-03-21 08:40
<QuerySet [<Shift: Shift is A班上班>, <Shift: Shift is 测试>]>
now date time: 2019-03-21 08:40
A班上班
测试
now date time: 2019-03-21 08:40, 2019-03-20 09:15
<QuerySet [<Shift: Shift is A班上班>, <Shift: Shift is 测试>]>
A班上班
测试
now date time: 2019-03-21 08:40, 2019-03-20 09:15
now date time: 2019-03-21 08:40
<QuerySet [<Shift: Shift is A班上班>, <Shift: Shift is 测试>]>
A班上班
测试
now date time: 2019-03-21 08:40, 2019-03-20 09:15
now date time: 2019-03-21 08:40
<QuerySet [<Shift: Shift is A班上班>, <Shift: Shift is 测试>]>
A班上班
测试
now date time: 2019-03-21 08:40, 2019-03-20 09:15
[pid: 24856|app: 0|req: 2/15] 127.0.0.1 () {48 vars in 995 bytes} [Thu Mar 21 16:40:35 2019] GET /admin/ => generated 6680 bytes in 92 msecs (HTTP/1.1 200) 6 headers in 227 bytes (1 switches on core 0)
[pid: 24853|app: -1|req: -1/16] 127.0.0.1 () {48 vars in 1001 bytes} [Thu Mar 21 16:40:35 2019] GET /static/admin/css/responsive.css => generated 0 bytes in 0 msecs (HTTP/1.1 304) 0 headers in 29 bytes (0 switches on core 0)
[pid: 24854|app: -1|req: -1/17] 127.0.0.1 () {48 vars in 989 bytes} [Thu Mar 21 16:40:35 2019] GET /static/admin/css/base.css => generated 0 bytes in 0 msecs (HTTP/1.1 304) 0 headers in 29 bytes (0 switches on core 0)
[pid: 24855|app: -1|req: -1/18] 127.0.0.1 () {48 vars in 999 bytes} [Thu Mar 21 16:40:35 2019] GET /static/admin/css/dashboard.css => generated 0 bytes in 0 msecs (HTTP/1.1 304) 0 headers in 29 bytes (0 switches on core 0)
[pid: 24857|app: 0|req: 3/19] 127.0.0.1 () {48 vars in 995 bytes} [Thu Mar 21 16:40:36 2019] GET /admin/ => generated 6680 bytes in 51 msecs (HTTP/1.1 200) 6 headers in 227 bytes (1 switches on core 0)
[pid: 24853|app: -1|req: -1/20] 127.0.0.1 () {48 vars in 1001 bytes} [Thu Mar 21 16:40:37 2019] GET /static/admin/css/responsive.css => generated 0 bytes in 0 msecs (HTTP/1.1 304) 0 headers in 29 bytes (0 switches on core 0)
[pid: 24856|app: -1|req: -1/21] 127.0.0.1 () {48 vars in 999 bytes} [Thu Mar 21 16:40:37 2019] GET /static/admin/css/dashboard.css => generated 0 bytes in 0 msecs (HTTP/1.1 304) 0 headers in 29 bytes (1 switches on core 0)
[pid: 24854|app: -1|req: -1/22] 127.0.0.1 () {48 vars in 989 bytes} [Thu Mar 21 16:40:37 2019] GET /static/admin/css/base.css => generated 0 bytes in 0 msecs (HTTP/1.1 304) 0 headers in 29 bytes (0 switches on core 0)
[pid: 24855|app: 0|req: 4/23] 127.0.0.1 () {46 vars in 945 bytes} [Thu Mar 21 16:40:39 2019] GET /admin/ => generated 6680 bytes in 36 msecs (HTTP/1.1 200) 6 headers in 227 bytes (1 switches on core 0)
now date time: 2019-03-21 08:40
now date time: 2019-03-21 08:40
<QuerySet [<Shift: Shift is A班上班>, <Shift: Shift is 测试>]>
<QuerySet [<Shift: Shift is A班上班>, <Shift: Shift is 测试>]>
A班上班
测试
now date time: 2019-03-21 08:40, 2019-03-20 09:15
A班上班
测试
now date time: 2019-03-21 08:40, 2019-03-20 09:15
now date time: 2019-03-21 08:40
now date time: 2019-03-21 08:40
<QuerySet [<Shift: Shift is A班上班>, <Shift: Shift is 测试>]>
A班上班
测试
now date time: 2019-03-21 08:40, 2019-03-20 09:15
<QuerySet [<Shift: Shift is A班上班>, <Shift: Shift is 测试>]>
A班上班
测试
now date time: 2019-03-21 08:40, 2019-03-20 09:15
now date time: 2019-03-21 08:40
<QuerySet [<Shift: Shift is A班上班>, <Shift: Shift is 测试>]>
A班上班
测试
now date time: 2019-03-21 08:40, 2019-03-20 09:15
now date time: 2019-03-21 08:40
<QuerySet [<Shift: Shift is A班上班>, <Shift: Shift is 测试>]>
A班上班
测试
now date time: 2019-03-21 08:40, 2019-03-20 09:15
now date time: 2019-03-21 08:41
<QuerySet [<Shift: Shift is A班上班>, <Shift: Shift is 测试>]>
now date time: 2019-03-21 08:41
A班上班
测试
now date time: 2019-03-21 08:41, 2019-03-20 09:15
now date time: 2019-03-21 08:41
<QuerySet [<Shift: Shift is A班上班>, <Shift: Shift is 测试>]>
A班上班
测试
now date time: 2019-03-21 08:41, 2019-03-20 09:15
<QuerySet [<Shift: Shift is A班上班>, <Shift: Shift is 测试>]>
A班上班
测试
now date time: 2019-03-21 08:41, 2019-03-20 09:15
now date time: 2019-03-21 08:41
<QuerySet [<Shift: Shift is A班上班>, <Shift: Shift is 测试>]>
A班上班
测试
now date time: 2019-03-21 08:41, 2019-03-20 09:15
now date time: 2019-03-21 08:41
<QuerySet [<Shift: Shift is A班上班>, <Shift: Shift is 测试>]>
A班上班
测试
now date time: 2019-03-21 08:41, 2019-03-20 09:15
now date time: 2019-03-21 08:41
now date time: 2019-03-21 08:41
<QuerySet [<Shift: Shift is A班上班>, <Shift: Shift is 测试>]>
A班上班
测试
now date time: 2019-03-21 08:41, 2019-03-20 09:15
<QuerySet [<Shift: Shift is A班上班>, <Shift: Shift is 测试>]>
A班上班
测试
now date time: 2019-03-21 08:41, 2019-03-20 09:15
now date time: 2019-03-21 08:41
<QuerySet [<Shift: Shift is A班上班>, <Shift: Shift is 测试>]>
A班上班
测试
now date time: 2019-03-21 08:41, 2019-03-20 09:15
now date time: 2019-03-21 08:41
<QuerySet [<Shift: Shift is A班上班>, <Shift: Shift is 测试>]>
A班上班
测试
now date time: 2019-03-21 08:41, 2019-03-20 09:15
now date time: 2019-03-21 08:42
now date time: 2019-03-21 08:42
<QuerySet [<Shift: Shift is A班上班>, <Shift: Shift is 测试>]>
now date time: 2019-03-21 08:42
<QuerySet [<Shift: Shift is A班上班>, <Shift: Shift is 测试>]>
<QuerySet [<Shift: Shift is A班上班>, <Shift: Shift is 测试>]>
A班上班
测试
now date time: 2019-03-21 08:42, 2019-03-20 09:15
A班上班
测试
now date time: 2019-03-21 08:42, 2019-03-20 09:15
A班上班
测试
now date time: 2019-03-21 08:42, 2019-03-20 09:15
now date time: 2019-03-21 08:42
<QuerySet [<Shift: Shift is A班上班>, <Shift: Shift is 测试>]>
A班上班
测试
now date time: 2019-03-21 08:42, 2019-03-20 09:15
[pid: 24857|app: 0|req: 4/24] 127.0.0.1 () {48 vars in 976 bytes} [Thu Mar 21 16:42:23 2019] GET /admin/ => generated 6680 bytes in 29 msecs (HTTP/1.1 200) 6 headers in 227 bytes (1 switches on core 0)
[pid: 24853|app: 0|req: 3/25] 127.0.0.1 () {48 vars in 1003 bytes} [Thu Mar 21 16:42:24 2019] GET /static/static/admin/css/base.css => generated 77 bytes in 7 msecs (HTTP/1.1 404) 3 headers in 100 bytes (1 switches on core 0)
[pid: 24856|app: 0|req: 3/26] 127.0.0.1 () {48 vars in 1013 bytes} [Thu Mar 21 16:42:24 2019] GET /static/static/admin/css/dashboard.css => generated 77 bytes in 3 msecs (HTTP/1.1 404) 3 headers in 100 bytes (1 switches on core 0)
[pid: 24854|app: 0|req: 3/27] 127.0.0.1 () {48 vars in 1013 bytes} [Thu Mar 21 16:42:24 2019] GET /static/static/admin/css/responsive.css => generated 77 bytes in 22 msecs (HTTP/1.1 404) 3 headers in 100 bytes (1 switches on core 0)
now date time: 2019-03-21 08:42
<QuerySet [<Shift: Shift is A班上班>, <Shift: Shift is 测试>]>
A班上班
测试
now date time: 2019-03-21 08:42, 2019-03-20 09:15
[pid: 24855|app: 0|req: 5/28] 127.0.0.1 () {48 vars in 975 bytes} [Thu Mar 21 16:42:25 2019] GET /admin/ => generated 6680 bytes in 35 msecs (HTTP/1.1 200) 6 headers in 227 bytes (1 switches on core 0)
[pid: 24857|app: 0|req: 5/29] 127.0.0.1 () {46 vars in 957 bytes} [Thu Mar 21 16:42:26 2019] GET /static/static/admin/css/dashboard.css => generated 77 bytes in 5 msecs (HTTP/1.1 404) 3 headers in 100 bytes (1 switches on core 0)
[pid: 24853|app: 0|req: 4/30] 127.0.0.1 () {46 vars in 947 bytes} [Thu Mar 21 16:42:26 2019] GET /static/static/admin/css/base.css => generated 77 bytes in 2 msecs (HTTP/1.1 404) 3 headers in 100 bytes (1 switches on core 0)
[pid: 24856|app: 0|req: 4/31] 127.0.0.1 () {46 vars in 959 bytes} [Thu Mar 21 16:42:26 2019] GET /static/static/admin/css/responsive.css => generated 77 bytes in 2 msecs (HTTP/1.1 404) 3 headers in 100 bytes (1 switches on core 0)
[pid: 24854|app: 0|req: 4/32] 127.0.0.1 () {42 vars in 761 bytes} [Thu Mar 21 16:42:29 2019] GET /static/static/admin/css/dashboard.css => generated 77 bytes in 2 msecs (HTTP/1.1 404) 3 headers in 100 bytes (1 switches on core 0)
[pid: 24855|app: 0|req: 6/33] 127.0.0.1 () {42 vars in 751 bytes} [Thu Mar 21 16:42:29 2019] GET /static/static/admin/css/base.css => generated 77 bytes in 3 msecs (HTTP/1.1 404) 3 headers in 100 bytes (1 switches on core 0)
[pid: 24857|app: 0|req: 6/34] 127.0.0.1 () {42 vars in 752 bytes} [Thu Mar 21 16:42:29 2019] GET /static/static/admin/css/base.css => generated 77 bytes in 1 msecs (HTTP/1.1 404) 3 headers in 100 bytes (2 switches on core 0)
[pid: 24853|app: 0|req: 5/35] 127.0.0.1 () {42 vars in 762 bytes} [Thu Mar 21 16:42:29 2019] GET /static/static/admin/css/dashboard.css => generated 77 bytes in 2 msecs (HTTP/1.1 404) 3 headers in 100 bytes (1 switches on core 0)
[pid: 24856|app: 0|req: 5/36] 127.0.0.1 () {42 vars in 764 bytes} [Thu Mar 21 16:42:29 2019] GET /static/static/admin/css/responsive.css => generated 77 bytes in 2 msecs (HTTP/1.1 404) 3 headers in 100 bytes (1 switches on core 0)
[pid: 24854|app: 0|req: 5/37] 127.0.0.1 () {42 vars in 764 bytes} [Thu Mar 21 16:42:29 2019] GET /static/static/admin/css/responsive.css => generated 77 bytes in 2 msecs (HTTP/1.1 404) 3 headers in 100 bytes (1 switches on core 0)
[pid: 24855|app: 0|req: 7/38] 127.0.0.1 () {48 vars in 976 bytes} [Thu Mar 21 16:42:34 2019] GET /admin/ => generated 6680 bytes in 41 msecs (HTTP/1.1 200) 6 headers in 227 bytes (1 switches on core 0)
[pid: 24857|app: 0|req: 7/39] 127.0.0.1 () {46 vars in 960 bytes} [Thu Mar 21 16:42:35 2019] GET /static/static/admin/css/responsive.css => generated 77 bytes in 2 msecs (HTTP/1.1 404) 3 headers in 100 bytes (1 switches on core 0)
[pid: 24853|app: 0|req: 6/40] 127.0.0.1 () {46 vars in 948 bytes} [Thu Mar 21 16:42:35 2019] GET /static/static/admin/css/base.css => generated 77 bytes in 2 msecs (HTTP/1.1 404) 3 headers in 100 bytes (1 switches on core 0)
[pid: 24856|app: 0|req: 6/41] 127.0.0.1 () {46 vars in 958 bytes} [Thu Mar 21 16:42:35 2019] GET /static/static/admin/css/dashboard.css => generated 77 bytes in 2 msecs (HTTP/1.1 404) 3 headers in 100 bytes (1 switches on core 0)
[pid: 24854|app: 0|req: 6/42] 127.0.0.1 () {40 vars in 722 bytes} [Thu Mar 21 16:42:35 2019] GET /static/static/admin/css/base.css => generated 77 bytes in 2 msecs (HTTP/1.1 404) 3 headers in 100 bytes (1 switches on core 0)
[pid: 24855|app: 0|req: 8/43] 127.0.0.1 () {40 vars in 722 bytes} [Thu Mar 21 16:42:35 2019] GET /static/static/admin/css/base.css => generated 77 bytes in 2 msecs (HTTP/1.1 404) 3 headers in 100 bytes (1 switches on core 0)
[pid: 24857|app: 0|req: 8/44] 127.0.0.1 () {40 vars in 734 bytes} [Thu Mar 21 16:42:35 2019] GET /static/static/admin/css/responsive.css => generated 77 bytes in 3 msecs (HTTP/1.1 404) 3 headers in 100 bytes (1 switches on core 0)
[pid: 24853|app: 0|req: 7/45] 127.0.0.1 () {40 vars in 734 bytes} [Thu Mar 21 16:42:35 2019] GET /static/static/admin/css/responsive.css => generated 77 bytes in 3 msecs (HTTP/1.1 404) 3 headers in 100 bytes (1 switches on core 0)
[pid: 24854|app: 0|req: 7/46] 127.0.0.1 () {40 vars in 732 bytes} [Thu Mar 21 16:42:35 2019] GET /static/static/admin/css/dashboard.css => generated 77 bytes in 2 msecs (HTTP/1.1 404) 3 headers in 100 bytes (1 switches on core 0)
[pid: 24856|app: 0|req: 7/47] 127.0.0.1 () {40 vars in 732 bytes} [Thu Mar 21 16:42:35 2019] GET /static/static/admin/css/dashboard.css => generated 77 bytes in 3 msecs (HTTP/1.1 404) 3 headers in 100 bytes (1 switches on core 0)
now date time: 2019-03-21 08:42
now date time: 2019-03-21 08:42
<QuerySet [<Shift: Shift is A班上班>, <Shift: Shift is 测试>]>
A班上班
测试
now date time: 2019-03-21 08:42, 2019-03-20 09:15
<QuerySet [<Shift: Shift is A班上班>, <Shift: Shift is 测试>]>
A班上班
测试
now date time: 2019-03-21 08:42, 2019-03-20 09:15
now date time: 2019-03-21 08:42
<QuerySet [<Shift: Shift is A班上班>, <Shift: Shift is 测试>]>
A班上班
测试
now date time: 2019-03-21 08:42, 2019-03-20 09:15
now date time: 2019-03-21 08:42
<QuerySet [<Shift: Shift is A班上班>, <Shift: Shift is 测试>]>
A班上班
测试
now date time: 2019-03-21 08:42, 2019-03-20 09:15
now date time: 2019-03-21 08:42
<QuerySet [<Shift: Shift is A班上班>, <Shift: Shift is 测试>]>
A班上班
测试
now date time: 2019-03-21 08:42, 2019-03-20 09:15
now date time: 2019-03-21 08:43
<QuerySet [<Shift: Shift is A班上班>, <Shift: Shift is 测试>]>
A班上班
测试
now date time: 2019-03-21 08:43, 2019-03-20 09:15
now date time: 2019-03-21 08:43
<QuerySet [<Shift: Shift is A班上班>, <Shift: Shift is 测试>]>
A班上班
测试
now date time: 2019-03-21 08:43, 2019-03-20 09:15
now date time: 2019-03-21 08:43
now date time: 2019-03-21 08:43
now date time: 2019-03-21 08:43
now date time: 2019-03-21 08:43
<QuerySet [<Shift: Shift is A班上班>, <Shift: Shift is 测试>]>
<QuerySet [<Shift: Shift is A班上班>, <Shift: Shift is 测试>]>
A班上班
测试
now date time: 2019-03-21 08:43, 2019-03-20 09:15
A班上班
测试
now date time: 2019-03-21 08:43, 2019-03-20 09:15
<QuerySet [<Shift: Shift is A班上班>, <Shift: Shift is 测试>]>
A班上班
测试
now date time: 2019-03-21 08:43, 2019-03-20 09:15
<QuerySet [<Shift: Shift is A班上班>, <Shift: Shift is 测试>]>
A班上班
测试
now date time: 2019-03-21 08:43, 2019-03-20 09:15
now date time: 2019-03-21 08:43
<QuerySet [<Shift: Shift is A班上班>, <Shift: Shift is 测试>]>
A班上班
测试
now date time: 2019-03-21 08:43, 2019-03-20 09:15
now date time: 2019-03-21 08:44
<QuerySet [<Shift: Shift is A班上班>, <Shift: Shift is 测试>]>
A班上班
测试
now date time: 2019-03-21 08:44, 2019-03-20 09:15
now date time: 2019-03-21 08:44
<QuerySet [<Shift: Shift is A班上班>, <Shift: Shift is 测试>]>
A班上班
测试
now date time: 2019-03-21 08:44, 2019-03-20 09:15
now date time: 2019-03-21 08:44
<QuerySet [<Shift: Shift is A班上班>, <Shift: Shift is 测试>]>
now date time: 2019-03-21 08:44
A班上班
测试
now date time: 2019-03-21 08:44, 2019-03-20 09:15
<QuerySet [<Shift: Shift is A班上班>, <Shift: Shift is 测试>]>
A班上班
测试
now date time: 2019-03-21 08:44, 2019-03-20 09:15
now date time: 2019-03-21 08:44
<QuerySet [<Shift: Shift is A班上班>, <Shift: Shift is 测试>]>
A班上班
测试
now date time: 2019-03-21 08:44, 2019-03-20 09:15
[pid: 24855|app: 0|req: 9/48] 127.0.0.1 () {48 vars in 976 bytes} [Thu Mar 21 16:44:39 2019] GET /admin/ => generated 6680 bytes in 31 msecs (HTTP/1.1 200) 6 headers in 227 bytes (1 switches on core 0)
now date time: 2019-03-21 08:44
now date time: 2019-03-21 08:44
<QuerySet [<Shift: Shift is A班上班>, <Shift: Shift is 测试>]>
A班上班
测试
now date time: 2019-03-21 08:44, 2019-03-20 09:15
<QuerySet [<Shift: Shift is A班上班>, <Shift: Shift is 测试>]>
A班上班
测试
now date time: 2019-03-21 08:44, 2019-03-20 09:15
[pid: 24857|app: 0|req: 9/49] 127.0.0.1 () {44 vars in 898 bytes} [Thu Mar 21 16:44:49 2019] GET /admin/ => generated 6680 bytes in 38 msecs (HTTP/1.1 200) 6 headers in 227 bytes (1 switches on core 0)
now date time: 2019-03-21 08:44
<QuerySet [<Shift: Shift is A班上班>, <Shift: Shift is 测试>]>
A班上班
测试
now date time: 2019-03-21 08:44, 2019-03-20 09:15
now date time: 2019-03-21 08:45
now date time: 2019-03-21 08:45
<QuerySet [<Shift: Shift is A班上班>, <Shift: Shift is 测试>]>
A班上班
测试
now date time: 2019-03-21 08:45, 2019-03-20 09:15
<QuerySet [<Shift: Shift is A班上班>, <Shift: Shift is 测试>]>
A班上班
测试
now date time: 2019-03-21 08:45, 2019-03-20 09:15
[pid: 24853|app: 0|req: 8/50] 127.0.0.1 () {42 vars in 778 bytes} [Thu Mar 21 16:45:11 2019] GET /admin => generated 0 bytes in 2 msecs (HTTP/1.1 301) 3 headers in 112 bytes (1 switches on core 0)
[pid: 24854|app: 0|req: 8/51] 127.0.0.1 () {42 vars in 780 bytes} [Thu Mar 21 16:45:12 2019] GET /admin/ => generated 0 bytes in 44 msecs (HTTP/1.1 302) 7 headers in 265 bytes (1 switches on core 0)
[pid: 24856|app: 0|req: 8/52] 127.0.0.1 () {42 vars in 817 bytes} [Thu Mar 21 16:45:12 2019] GET /admin/login/?next=/admin/ => generated 1821 bytes in 46 msecs (HTTP/1.1 200) 7 headers in 395 bytes (1 switches on core 0)
[pid: 24855|app: 0|req: 10/53] 127.0.0.1 () {40 vars in 628 bytes} [Thu Mar 21 16:45:15 2019] GET /favicon.ico => generated 77 bytes in 2 msecs (HTTP/1.1 404) 3 headers in 100 bytes (1 switches on core 0)
now date time: 2019-03-21 08:45
<QuerySet [<Shift: Shift is A班上班>, <Shift: Shift is 测试>]>
A班上班
测试
now date time: 2019-03-21 08:45, 2019-03-20 09:15
[pid: 24857|app: 0|req: 10/54] 127.0.0.1 () {42 vars in 760 bytes} [Thu Mar 21 16:45:30 2019] GET / => generated 21 bytes in 1 msecs (HTTP/1.1 200) 3 headers in 100 bytes (1 switches on core 0)
now date time: 2019-03-21 08:45
<QuerySet [<Shift: Shift is A班上班>, <Shift: Shift is 测试>]>
A班上班
测试
now date time: 2019-03-21 08:45, 2019-03-20 09:15
[pid: 24853|app: 0|req: 9/55] 127.0.0.1 () {42 vars in 770 bytes} [Thu Mar 21 16:45:40 2019] GET /admin => generated 0 bytes in 1 msecs (HTTP/1.1 301) 3 headers in 112 bytes (1 switches on core 0)
[pid: 24854|app: 0|req: 9/56] 127.0.0.1 () {42 vars in 772 bytes} [Thu Mar 21 16:45:40 2019] GET /admin/ => generated 0 bytes in 1 msecs (HTTP/1.1 302) 7 headers in 265 bytes (1 switches on core 0)
[pid: 24856|app: 0|req: 9/57] 127.0.0.1 () {42 vars in 809 bytes} [Thu Mar 21 16:45:41 2019] GET /admin/login/?next=/admin/ => generated 1821 bytes in 9 msecs (HTTP/1.1 200) 7 headers in 395 bytes (1 switches on core 0)
[pid: 24855|app: 0|req: 11/58] 127.0.0.1 () {40 vars in 628 bytes} [Thu Mar 21 16:45:41 2019] GET /favicon.ico => generated 77 bytes in 2 msecs (HTTP/1.1 404) 3 headers in 100 bytes (1 switches on core 0)
now date time: 2019-03-21 08:45
<QuerySet [<Shift: Shift is A班上班>, <Shift: Shift is 测试>]>
A班上班
测试
now date time: 2019-03-21 08:45, 2019-03-20 09:15
[pid: 24857|app: 0|req: 11/59] 127.0.0.1 () {50 vars in 976 bytes} [Thu Mar 21 16:46:04 2019] POST /admin/login/?next=/admin/ => generated 0 bytes in 210 msecs (HTTP/1.1 302) 9 headers in 559 bytes (1 switches on core 0)
[pid: 24853|app: 0|req: 10/60] 127.0.0.1 () {46 vars in 912 bytes} [Thu Mar 21 16:46:05 2019] GET /admin/ => generated 6680 bytes in 52 msecs (HTTP/1.1 200) 6 headers in 227 bytes (1 switches on core 0)
now date time: 2019-03-21 08:46
<QuerySet [<Shift: Shift is A班上班>, <Shift: Shift is 测试>]>
A班上班
测试
now date time: 2019-03-21 08:46, 2019-03-20 09:15
now date time: 2019-03-21 08:46
<QuerySet [<Shift: Shift is A班上班>, <Shift: Shift is 测试>]>
A班上班
测试
now date time: 2019-03-21 08:46, 2019-03-20 09:15
now date time: 2019-03-21 08:46
<QuerySet [<Shift: Shift is A班上班>, <Shift: Shift is 测试>]>
A班上班
测试
now date time: 2019-03-21 08:46, 2019-03-20 09:15
now date time: 2019-03-21 08:46
now date time: 2019-03-21 08:46
<QuerySet [<Shift: Shift is A班上班>, <Shift: Shift is 测试>]>
A班上班
测试
now date time: 2019-03-21 08:46, 2019-03-20 09:15
<QuerySet [<Shift: Shift is A班上班>, <Shift: Shift is 测试>]>
A班上班
测试
now date time: 2019-03-21 08:46, 2019-03-20 09:15
now date time: 2019-03-21 08:47
<QuerySet [<Shift: Shift is A班上班>, <Shift: Shift is 测试>]>
A班上班
测试
now date time: 2019-03-21 08:47, 2019-03-20 09:15
now date time: 2019-03-21 08:47
<QuerySet [<Shift: Shift is A班上班>, <Shift: Shift is 测试>]>
A班上班
测试
now date time: 2019-03-21 08:47, 2019-03-20 09:15
now date time: 2019-03-21 08:47
<QuerySet [<Shift: Shift is A班上班>, <Shift: Shift is 测试>]>
A班上班
测试
now date time: 2019-03-21 08:47, 2019-03-20 09:15
now date time: 2019-03-21 08:47
<QuerySet [<Shift: Shift is A班上班>, <Shift: Shift is 测试>]>
A班上班
测试
now date time: 2019-03-21 08:47, 2019-03-20 09:15
now date time: 2019-03-21 08:47
<QuerySet [<Shift: Shift is A班上班>, <Shift: Shift is 测试>]>
A班上班
测试
now date time: 2019-03-21 08:47, 2019-03-20 09:15
now date time: 2019-03-21 08:47
<QuerySet [<Shift: Shift is A班上班>, <Shift: Shift is 测试>]>
A班上班
测试
now date time: 2019-03-21 08:47, 2019-03-20 09:15
now date time: 2019-03-21 08:47
<QuerySet [<Shift: Shift is A班上班>, <Shift: Shift is 测试>]>
A班上班
测试
now date time: 2019-03-21 08:47, 2019-03-20 09:15
now date time: 2019-03-21 08:48
<QuerySet [<Shift: Shift is A班上班>, <Shift: Shift is 测试>]>
A班上班
测试
now date time: 2019-03-21 08:48, 2019-03-20 09:15
now date time: 2019-03-21 08:48
<QuerySet [<Shift: Shift is A班上班>, <Shift: Shift is 测试>]>
A班上班
测试
now date time: 2019-03-21 08:48, 2019-03-20 09:15
now date time: 2019-03-21 08:48
<QuerySet [<Shift: Shift is A班上班>, <Shift: Shift is 测试>]>
A班上班
测试
now date time: 2019-03-21 08:48, 2019-03-20 09:15
now date time: 2019-03-21 08:48
now date time: 2019-03-21 08:48
<QuerySet [<Shift: Shift is A班上班>, <Shift: Shift is 测试>]>
A班上班
测试
now date time: 2019-03-21 08:48, 2019-03-20 09:15
<QuerySet [<Shift: Shift is A班上班>, <Shift: Shift is 测试>]>
A班上班
测试
now date time: 2019-03-21 08:48, 2019-03-20 09:15
now date time: 2019-03-21 08:49
now date time: 2019-03-21 08:49
<QuerySet [<Shift: Shift is A班上班>, <Shift: Shift is 测试>]>
A班上班
测试
now date time: 2019-03-21 08:49, 2019-03-20 09:15
<QuerySet [<Shift: Shift is A班上班>, <Shift: Shift is 测试>]>
A班上班
测试
now date time: 2019-03-21 08:49, 2019-03-20 09:15
now date time: 2019-03-21 08:49
<QuerySet [<Shift: Shift is A班上班>, <Shift: Shift is 测试>]>
A班上班
测试
now date time: 2019-03-21 08:49, 2019-03-20 09:15
now date time: 2019-03-21 08:49
now date time: 2019-03-21 08:49
<QuerySet [<Shift: Shift is A班上班>, <Shift: Shift is 测试>]>
A班上班
测试
now date time: 2019-03-21 08:49, 2019-03-20 09:15
<QuerySet [<Shift: Shift is A班上班>, <Shift: Shift is 测试>]>
A班上班
测试
now date time: 2019-03-21 08:49, 2019-03-20 09:15
now date time: 2019-03-21 08:49
<QuerySet [<Shift: Shift is A班上班>, <Shift: Shift is 测试>]>
A班上班
测试
now date time: 2019-03-21 08:49, 2019-03-20 09:15
now date time: 2019-03-21 08:50
now date time: 2019-03-21 08:50
<QuerySet [<Shift: Shift is A班上班>, <Shift: Shift is 测试>]>
A班上班
测试
now date time: 2019-03-21 08:50, 2019-03-20 09:15
<QuerySet [<Shift: Shift is A班上班>, <Shift: Shift is 测试>]>
A班上班
测试
now date time: 2019-03-21 08:50, 2019-03-20 09:15
now date time: 2019-03-21 08:50
<QuerySet [<Shift: Shift is A班上班>, <Shift: Shift is 测试>]>
A班上班
测试
now date time: 2019-03-21 08:50, 2019-03-20 09:15
now date time: 2019-03-21 08:50
now date time: 2019-03-21 08:50
<QuerySet [<Shift: Shift is A班上班>, <Shift: Shift is 测试>]>
<QuerySet [<Shift: Shift is A班上班>, <Shift: Shift is 测试>]>
A班上班
A班上班
测试
测试
now date time: 2019-03-21 08:50, 2019-03-20 09:15
now date time: 2019-03-21 08:50, 2019-03-20 09:15
now date time: 2019-03-21 08:50
<QuerySet [<Shift: Shift is A班上班>, <Shift: Shift is 测试>]>
A班上班
测试
now date time: 2019-03-21 08:50, 2019-03-20 09:15
now date time: 2019-03-21 08:50
<QuerySet [<Shift: Shift is A班上班>, <Shift: Shift is 测试>]>
A班上班
测试
now date time: 2019-03-21 08:50, 2019-03-20 09:15
now date time: 2019-03-21 08:51
<QuerySet [<Shift: Shift is A班上班>, <Shift: Shift is 测试>]>
A班上班
测试
now date time: 2019-03-21 08:51, 2019-03-20 09:15
now date time: 2019-03-21 08:51
<QuerySet [<Shift: Shift is A班上班>, <Shift: Shift is 测试>]>
A班上班
测试
now date time: 2019-03-21 08:51, 2019-03-20 09:15
now date time: 2019-03-21 08:51
now date time: 2019-03-21 08:51
<QuerySet [<Shift: Shift is A班上班>, <Shift: Shift is 测试>]>
A班上班
测试
now date time: 2019-03-21 08:51, 2019-03-20 09:15
<QuerySet [<Shift: Shift is A班上班>, <Shift: Shift is 测试>]>
A班上班
测试
now date time: 2019-03-21 08:51, 2019-03-20 09:15
now date time: 2019-03-21 08:51
now date time: 2019-03-21 08:51
<QuerySet [<Shift: Shift is A班上班>, <Shift: Shift is 测试>]>
A班上班
测试
now date time: 2019-03-21 08:51, 2019-03-20 09:15
<QuerySet [<Shift: Shift is A班上班>, <Shift: Shift is 测试>]>
A班上班
测试
now date time: 2019-03-21 08:51, 2019-03-20 09:15
now date time: 2019-03-21 08:52
<QuerySet [<Shift: Shift is A班上班>, <Shift: Shift is 测试>]>
A班上班
测试
now date time: 2019-03-21 08:52, 2019-03-20 09:15
now date time: 2019-03-21 08:52
<QuerySet [<Shift: Shift is A班上班>, <Shift: Shift is 测试>]>
A班上班
测试
now date time: 2019-03-21 08:52, 2019-03-20 09:15
now date time: 2019-03-21 08:52
<QuerySet [<Shift: Shift is A班上班>, <Shift: Shift is 测试>]>
A班上班
测试
now date time: 2019-03-21 08:52, 2019-03-20 09:15
[pid: 24854|app: 0|req: 10/61] 127.0.0.1 () {44 vars in 899 bytes} [Thu Mar 21 16:52:40 2019] GET /admin/schedule/schedule/ => generated 7578 bytes in 133 msecs (HTTP/1.1 200) 7 headers in 395 bytes (1 switches on core 0)
[pid: 24856|app: 0|req: 10/62] 127.0.0.1 () {44 vars in 880 bytes} [Thu Mar 21 16:52:40 2019] GET /admin/jsi18n/ => generated 7684 bytes in 14 msecs (HTTP/1.1 200) 4 headers in 132 bytes (1 switches on core 0)
now date time: 2019-03-21 08:52
now date time: 2019-03-21 08:52
<QuerySet [<Shift: Shift is A班上班>, <Shift: Shift is 测试>]>
A班上班
测试
now date time: 2019-03-21 08:52, 2019-03-20 09:15
<QuerySet [<Shift: Shift is A班上班>, <Shift: Shift is 测试>]>
A班上班
测试
now date time: 2019-03-21 08:52, 2019-03-20 09:15
[pid: 24855|app: 0|req: 12/63] 127.0.0.1 () {44 vars in 935 bytes} [Thu Mar 21 16:52:54 2019] GET /admin/schedule/schedule/8/change/ => generated 5666 bytes in 123 msecs (HTTP/1.1 200) 7 headers in 395 bytes (1 switches on core 0)
[pid: 24857|app: 0|req: 12/64] 127.0.0.1 () {44 vars in 889 bytes} [Thu Mar 21 16:52:55 2019] GET /admin/jsi18n/ => generated 7684 bytes in 18 msecs (HTTP/1.1 200) 4 headers in 132 bytes (1 switches on core 0)
[pid: 24853|app: 0|req: 11/65] 127.0.0.1 () {44 vars in 890 bytes} [Thu Mar 21 16:53:02 2019] GET /admin/ => generated 6680 bytes in 29 msecs (HTTP/1.1 200) 6 headers in 227 bytes (1 switches on core 0)
[pid: 24854|app: 0|req: 11/66] 127.0.0.1 () {44 vars in 893 bytes} [Thu Mar 21 16:53:04 2019] GET /admin/schedule/shift/ => generated 8638 bytes in 72 msecs (HTTP/1.1 200) 7 headers in 395 bytes (1 switches on core 0)
[pid: 24856|app: 0|req: 11/67] 127.0.0.1 () {44 vars in 877 bytes} [Thu Mar 21 16:53:04 2019] GET /admin/jsi18n/ => generated 7684 bytes in 10 msecs (HTTP/1.1 200) 4 headers in 132 bytes (1 switches on core 0)
[pid: 24855|app: 0|req: 13/68] 127.0.0.1 () {44 vars in 896 bytes} [Thu Mar 21 16:53:08 2019] GET /admin/schedule/ => generated 2906 bytes in 21 msecs (HTTP/1.1 200) 6 headers in 227 bytes (1 switches on core 0)
now date time: 2019-03-21 08:53
<QuerySet [<Shift: Shift is A班上班>, <Shift: Shift is 测试>]>
A班上班
测试
now date time: 2019-03-21 08:53, 2019-03-20 09:15
[pid: 24857|app: 0|req: 13/69] 127.0.0.1 () {44 vars in 906 bytes} [Thu Mar 21 16:53:10 2019] GET /admin/schedule/schedule/ => generated 7578 bytes in 70 msecs (HTTP/1.1 200) 7 headers in 395 bytes (1 switches on core 0)
[pid: 24853|app: 0|req: 12/70] 127.0.0.1 () {44 vars in 879 bytes} [Thu Mar 21 16:53:10 2019] GET /admin/jsi18n/ => generated 7684 bytes in 11 msecs (HTTP/1.1 200) 4 headers in 132 bytes (1 switches on core 0)
now date time: 2019-03-21 08:53
<QuerySet [<Shift: Shift is A班上班>, <Shift: Shift is 测试>]>
A班上班
测试
now date time: 2019-03-21 08:53, 2019-03-20 09:15
[pid: 24854|app: 0|req: 12/71] 127.0.0.1 () {44 vars in 898 bytes} [Thu Mar 21 16:53:25 2019] GET /admin/schedule/ => generated 2906 bytes in 42 msecs (HTTP/1.1 200) 6 headers in 227 bytes (1 switches on core 0)
[pid: 24856|app: 0|req: 12/72] 127.0.0.1 () {44 vars in 871 bytes} [Thu Mar 21 16:53:30 2019] GET /admin/ => generated 6680 bytes in 27 msecs (HTTP/1.1 200) 6 headers in 227 bytes (1 switches on core 0)
[pid: 24855|app: 0|req: 14/73] 127.0.0.1 () {44 vars in 938 bytes} [Thu Mar 21 16:53:34 2019] GET /admin/django_apscheduler/djangojobexecution/ => generated 58905 bytes in 273 msecs (HTTP/1.1 200) 7 headers in 396 bytes (1 switches on core 0)
[pid: 24857|app: 0|req: 14/74] 127.0.0.1 () {44 vars in 899 bytes} [Thu Mar 21 16:53:35 2019] GET /admin/jsi18n/ => generated 7684 bytes in 8 msecs (HTTP/1.1 200) 4 headers in 132 bytes (1 switches on core 0)
now date time: 2019-03-21 08:53
<QuerySet [<Shift: Shift is A班上班>, <Shift: Shift is 测试>]>
A班上班
测试
now date time: 2019-03-21 08:53, 2019-03-20 09:15
[pid: 24853|app: 0|req: 13/75] 127.0.0.1 () {44 vars in 938 bytes} [Thu Mar 21 16:53:47 2019] GET /admin/django_apscheduler/ => generated 3119 bytes in 17 msecs (HTTP/1.1 200) 6 headers in 227 bytes (1 switches on core 0)
[pid: 24854|app: 0|req: 13/76] 127.0.0.1 () {44 vars in 881 bytes} [Thu Mar 21 16:53:49 2019] GET /admin/ => generated 6680 bytes in 26 msecs (HTTP/1.1 200) 6 headers in 227 bytes (1 switches on core 0)
now date time: 2019-03-21 08:53
<QuerySet [<Shift: Shift is A班上班>, <Shift: Shift is 测试>]>
A班上班
测试
now date time: 2019-03-21 08:53, 2019-03-20 09:15
now date time: 2019-03-21 08:54
<QuerySet [<Shift: Shift is A班上班>, <Shift: Shift is 测试>]>
A班上班
测试
now date time: 2019-03-21 08:54, 2019-03-20 09:15
now date time: 2019-03-21 08:54
now date time: 2019-03-21 08:54
<QuerySet [<Shift: Shift is A班上班>, <Shift: Shift is 测试>]>
A班上班
测试
now date time: 2019-03-21 08:54, 2019-03-20 09:15
<QuerySet [<Shift: Shift is A班上班>, <Shift: Shift is 测试>]>
A班上班
测试
now date time: 2019-03-21 08:54, 2019-03-20 09:15
now date time: 2019-03-21 08:54
<QuerySet [<Shift: Shift is A班上班>, <Shift: Shift is 测试>]>
A班上班
测试
now date time: 2019-03-21 08:54, 2019-03-20 09:15
now date time: 2019-03-21 08:54
now date time: 2019-03-21 08:54
<QuerySet [<Shift: Shift is A班上班>, <Shift: Shift is 测试>]>
A班上班
测试
now date time: 2019-03-21 08:54, 2019-03-20 09:15
<QuerySet [<Shift: Shift is A班上班>, <Shift: Shift is 测试>]>
A班上班
测试
now date time: 2019-03-21 08:54, 2019-03-20 09:15
now date time: 2019-03-21 08:55
<QuerySet [<Shift: Shift is A班上班>, <Shift: Shift is 测试>]>
A班上班
测试
now date time: 2019-03-21 08:55, 2019-03-20 09:15
now date time: 2019-03-21 08:55
now date time: 2019-03-21 08:55
<QuerySet [<Shift: Shift is A班上班>, <Shift: Shift is 测试>]>
A班上班
测试
now date time: 2019-03-21 08:55, 2019-03-20 09:15
<QuerySet [<Shift: Shift is A班上班>, <Shift: Shift is 测试>]>
A班上班
测试
now date time: 2019-03-21 08:55, 2019-03-20 09:15
now date time: 2019-03-21 08:55
<QuerySet [<Shift: Shift is A班上班>, <Shift: Shift is 测试>]>
A班上班
测试
now date time: 2019-03-21 08:55, 2019-03-20 09:15
now date time: 2019-03-21 08:55
now date time: 2019-03-21 08:55
<QuerySet [<Shift: Shift is A班上班>, <Shift: Shift is 测试>]>
A班上班
测试
now date time: 2019-03-21 08:55, 2019-03-20 09:15
<QuerySet [<Shift: Shift is A班上班>, <Shift: Shift is 测试>]>
A班上班
测试
now date time: 2019-03-21 08:55, 2019-03-20 09:15
now date time: 2019-03-21 08:56
<QuerySet [<Shift: Shift is A班上班>, <Shift: Shift is 测试>]>
A班上班
测试
now date time: 2019-03-21 08:56, 2019-03-20 09:15
now date time: 2019-03-21 08:56
now date time: 2019-03-21 08:56
<QuerySet [<Shift: Shift is A班上班>, <Shift: Shift is 测试>]>
A班上班
测试
now date time: 2019-03-21 08:56, 2019-03-20 09:15
<QuerySet [<Shift: Shift is A班上班>, <Shift: Shift is 测试>]>
A班上班
测试
now date time: 2019-03-21 08:56, 2019-03-20 09:15
now date time: 2019-03-21 08:56
now date time: 2019-03-21 08:56
<QuerySet [<Shift: Shift is A班上班>, <Shift: Shift is 测试>]>
A班上班
测试
now date time: 2019-03-21 08:56, 2019-03-20 09:15
<QuerySet [<Shift: Shift is A班上班>, <Shift: Shift is 测试>]>
A班上班
测试
now date time: 2019-03-21 08:56, 2019-03-20 09:15
now date time: 2019-03-21 08:56
<QuerySet [<Shift: Shift is A班上班>, <Shift: Shift is 测试>]>
A班上班
测试
now date time: 2019-03-21 08:56, 2019-03-20 09:15
now date time: 2019-03-21 08:57
<QuerySet [<Shift: Shift is A班上班>, <Shift: Shift is 测试>]>
A班上班
测试
now date time: 2019-03-21 08:57, 2019-03-20 09:15
now date time: 2019-03-21 08:57
now date time: 2019-03-21 08:57
<QuerySet [<Shift: Shift is A班上班>, <Shift: Shift is 测试>]>
A班上班
测试
now date time: 2019-03-21 08:57, 2019-03-20 09:15
<QuerySet [<Shift: Shift is A班上班>, <Shift: Shift is 测试>]>
A班上班
测试
now date time: 2019-03-21 08:57, 2019-03-20 09:15
now date time: 2019-03-21 08:57
<QuerySet [<Shift: Shift is A班上班>, <Shift: Shift is 测试>]>
A班上班
测试
now date time: 2019-03-21 08:57, 2019-03-20 09:15
now date time: 2019-03-21 08:57
<QuerySet [<Shift: Shift is A班上班>, <Shift: Shift is 测试>]>
A班上班
测试
now date time: 2019-03-21 08:57, 2019-03-20 09:15
now date time: 2019-03-21 08:57
now date time: 2019-03-21 08:57
<QuerySet [<Shift: Shift is A班上班>, <Shift: Shift is 测试>]>
<QuerySet [<Shift: Shift is A班上班>, <Shift: Shift is 测试>]>
A班上班
测试
now date time: 2019-03-21 08:57, 2019-03-20 09:15
A班上班
测试
now date time: 2019-03-21 08:57, 2019-03-20 09:15
now date time: 2019-03-21 08:57
<QuerySet [<Shift: Shift is A班上班>, <Shift: Shift is 测试>]>
A班上班
测试
now date time: 2019-03-21 08:57, 2019-03-20 09:15
now date time: 2019-03-21 08:58
<QuerySet [<Shift: Shift is A班上班>, <Shift: Shift is 测试>]>
A班上班
测试
now date time: 2019-03-21 08:58, 2019-03-20 09:15
now date time: 2019-03-21 08:58
now date time: 2019-03-21 08:58
<QuerySet [<Shift: Shift is A班上班>, <Shift: Shift is 测试>]>
A班上班
测试
now date time: 2019-03-21 08:58, 2019-03-20 09:15
<QuerySet [<Shift: Shift is A班上班>, <Shift: Shift is 测试>]>
A班上班
测试
now date time: 2019-03-21 08:58, 2019-03-20 09:15
now date time: 2019-03-21 08:58
<QuerySet [<Shift: Shift is A班上班>, <Shift: Shift is 测试>]>
A班上班
测试
now date time: 2019-03-21 08:58, 2019-03-20 09:15
now date time: 2019-03-21 08:58
now date time: 2019-03-21 08:58
now date time: 2019-03-21 08:58
<QuerySet [<Shift: Shift is A班上班>, <Shift: Shift is 测试>]>
A班上班
测试
now date time: 2019-03-21 08:58, 2019-03-20 09:15
<QuerySet [<Shift: Shift is A班上班>, <Shift: Shift is 测试>]>
A班上班
测试
now date time: 2019-03-21 08:58, 2019-03-20 09:15
<QuerySet [<Shift: Shift is A班上班>, <Shift: Shift is 测试>]>
A班上班
测试
now date time: 2019-03-21 08:58, 2019-03-20 09:15
now date time: 2019-03-21 08:59
<QuerySet [<Shift: Shift is A班上班>, <Shift: Shift is 测试>]>
A班上班
测试
now date time: 2019-03-21 08:59, 2019-03-20 09:15
now date time: 2019-03-21 08:59
<QuerySet [<Shift: Shift is A班上班>, <Shift: Shift is 测试>]>
A班上班
测试
now date time: 2019-03-21 08:59, 2019-03-20 09:15
now date time: 2019-03-21 08:59
<QuerySet [<Shift: Shift is A班上班>, <Shift: Shift is 测试>]>
A班上班
测试
now date time: 2019-03-21 08:59, 2019-03-20 09:15
now date time: 2019-03-21 08:59
<QuerySet [<Shift: Shift is A班上班>, <Shift: Shift is 测试>]>
A班上班
测试
now date time: 2019-03-21 08:59, 2019-03-20 09:15
now date time: 2019-03-21 09:00
now date time: 2019-03-21 09:00
<QuerySet [<Shift: Shift is A班上班>, <Shift: Shift is 测试>]>
A班上班
测试
now date time: 2019-03-21 09:00, 2019-03-20 09:15
<QuerySet [<Shift: Shift is A班上班>, <Shift: Shift is 测试>]>
A班上班
测试
now date time: 2019-03-21 09:00, 2019-03-20 09:15
now date time: 2019-03-21 09:00
<QuerySet [<Shift: Shift is A班上班>, <Shift: Shift is 测试>]>
A班上班
测试
now date time: 2019-03-21 09:00, 2019-03-20 09:15
now date time: 2019-03-21 09:00
<QuerySet [<Shift: Shift is A班上班>, <Shift: Shift is 测试>]>
A班上班
测试
now date time: 2019-03-21 09:00, 2019-03-20 09:15
now date time: 2019-03-21 09:00
<QuerySet [<Shift: Shift is A班上班>, <Shift: Shift is 测试>]>
A班上班
测试
now date time: 2019-03-21 09:00, 2019-03-20 09:15
now date time: 2019-03-21 09:01
now date time: 2019-03-21 09:01
<QuerySet [<Shift: Shift is A班上班>, <Shift: Shift is 测试>]>
A班上班
测试
now date time: 2019-03-21 09:01, 2019-03-20 09:15
<QuerySet [<Shift: Shift is A班上班>, <Shift: Shift is 测试>]>
A班上班
测试
now date time: 2019-03-21 09:01, 2019-03-20 09:15
now date time: 2019-03-21 09:01
<QuerySet [<Shift: Shift is A班上班>, <Shift: Shift is 测试>]>
A班上班
测试
now date time: 2019-03-21 09:01, 2019-03-20 09:15
now date time: 2019-03-21 09:01
<QuerySet [<Shift: Shift is A班上班>, <Shift: Shift is 测试>]>
A班上班
测试
now date time: 2019-03-21 09:01, 2019-03-20 09:15
now date time: 2019-03-21 09:01
<QuerySet [<Shift: Shift is A班上班>, <Shift: Shift is 测试>]>
A班上班
测试
now date time: 2019-03-21 09:01, 2019-03-20 09:15
now date time: 2019-03-21 09:02
<QuerySet [<Shift: Shift is A班上班>, <Shift: Shift is 测试>]>
A班上班
测试
now date time: 2019-03-21 09:02, 2019-03-20 09:15
now date time: 2019-03-21 09:02
<QuerySet [<Shift: Shift is A班上班>, <Shift: Shift is 测试>]>
A班上班
测试
now date time: 2019-03-21 09:02, 2019-03-20 09:15
now date time: 2019-03-21 09:02
now date time: 2019-03-21 09:02
<QuerySet [<Shift: Shift is A班上班>, <Shift: Shift is 测试>]>
A班上班
测试
now date time: 2019-03-21 09:02, 2019-03-20 09:15
<QuerySet [<Shift: Shift is A班上班>, <Shift: Shift is 测试>]>
A班上班
测试
now date time: 2019-03-21 09:02, 2019-03-20 09:15
now date time: 2019-03-21 09:02
<QuerySet [<Shift: Shift is A班上班>, <Shift: Shift is 测试>]>
A班上班
测试
now date time: 2019-03-21 09:02, 2019-03-20 09:15
now date time: 2019-03-21 09:03
now date time: 2019-03-21 09:03
<QuerySet [<Shift: Shift is A班上班>, <Shift: Shift is 测试>]>
A班上班
测试
now date time: 2019-03-21 09:03, 2019-03-20 09:15
<QuerySet [<Shift: Shift is A班上班>, <Shift: Shift is 测试>]>
A班上班
测试
now date time: 2019-03-21 09:03, 2019-03-20 09:15
now date time: 2019-03-21 09:03
<QuerySet [<Shift: Shift is A班上班>, <Shift: Shift is 测试>]>
A班上班
测试
now date time: 2019-03-21 09:03, 2019-03-20 09:15
now date time: 2019-03-21 09:03
<QuerySet [<Shift: Shift is A班上班>, <Shift: Shift is 测试>]>
A班上班
测试
now date time: 2019-03-21 09:03, 2019-03-20 09:15
now date time: 2019-03-21 09:03
now date time: 2019-03-21 09:03
<QuerySet [<Shift: Shift is A班上班>, <Shift: Shift is 测试>]>
A班上班
测试
now date time: 2019-03-21 09:03, 2019-03-20 09:15
<QuerySet [<Shift: Shift is A班上班>, <Shift: Shift is 测试>]>
A班上班
测试
now date time: 2019-03-21 09:03, 2019-03-20 09:15
now date time: 2019-03-21 09:04
<QuerySet [<Shift: Shift is A班上班>, <Shift: Shift is 测试>]>
A班上班
测试
now date time: 2019-03-21 09:04, 2019-03-20 09:15
now date time: 2019-03-21 09:04
<QuerySet [<Shift: Shift is A班上班>, <Shift: Shift is 测试>]>
A班上班
测试
now date time: 2019-03-21 09:04, 2019-03-20 09:15
now date time: 2019-03-21 09:04
<QuerySet [<Shift: Shift is A班上班>, <Shift: Shift is 测试>]>
A班上班
测试
now date time: 2019-03-21 09:04, 2019-03-20 09:15
now date time: 2019-03-21 09:04
<QuerySet [<Shift: Shift is A班上班>, <Shift: Shift is 测试>]>
A班上班
测试
now date time: 2019-03-21 09:04, 2019-03-20 09:15
now date time: 2019-03-21 09:05
now date time: 2019-03-21 09:05
<QuerySet [<Shift: Shift is A班上班>, <Shift: Shift is 测试>]>
A班上班
测试
now date time: 2019-03-21 09:05, 2019-03-20 09:15
<QuerySet [<Shift: Shift is A班上班>, <Shift: Shift is 测试>]>
A班上班
测试
now date time: 2019-03-21 09:05, 2019-03-20 09:15
now date time: 2019-03-21 09:05
<QuerySet [<Shift: Shift is A班上班>, <Shift: Shift is 测试>]>
A班上班
测试
now date time: 2019-03-21 09:05, 2019-03-20 09:15
now date time: 2019-03-21 09:05
now date time: 2019-03-21 09:05
<QuerySet [<Shift: Shift is A班上班>, <Shift: Shift is 测试>]>
<QuerySet [<Shift: Shift is A班上班>, <Shift: Shift is 测试>]>
A班上班
测试
now date time: 2019-03-21 09:05, 2019-03-20 09:15
A班上班
测试
now date time: 2019-03-21 09:05, 2019-03-20 09:15
now date time: 2019-03-21 09:05
now date time: 2019-03-21 09:05
<QuerySet [<Shift: Shift is A班上班>, <Shift: Shift is 测试>]>
A班上班
测试
now date time: 2019-03-21 09:05, 2019-03-20 09:15
<QuerySet [<Shift: Shift is A班上班>, <Shift: Shift is 测试>]>
A班上班
测试
now date time: 2019-03-21 09:05, 2019-03-20 09:15
now date time: 2019-03-21 09:06
<QuerySet [<Shift: Shift is A班上班>, <Shift: Shift is 测试>]>
A班上班
测试
now date time: 2019-03-21 09:06, 2019-03-20 09:15
now date time: 2019-03-21 09:06
<QuerySet [<Shift: Shift is A班上班>, <Shift: Shift is 测试>]>
A班上班
测试
now date time: 2019-03-21 09:06, 2019-03-20 09:15
now date time: 2019-03-21 09:06
<QuerySet [<Shift: Shift is A班上班>, <Shift: Shift is 测试>]>
A班上班
测试
now date time: 2019-03-21 09:06, 2019-03-20 09:15
now date time: 2019-03-21 09:06
<QuerySet [<Shift: Shift is A班上班>, <Shift: Shift is 测试>]>
A班上班
测试
now date time: 2019-03-21 09:06, 2019-03-20 09:15
now date time: 2019-03-21 09:06
<QuerySet [<Shift: Shift is A班上班>, <Shift: Shift is 测试>]>
A班上班
测试
now date time: 2019-03-21 09:06, 2019-03-20 09:15
now date time: 2019-03-21 09:06
<QuerySet [<Shift: Shift is A班上班>, <Shift: Shift is 测试>]>
A班上班
测试
now date time: 2019-03-21 09:06, 2019-03-20 09:15
[pid: 24856|app: 0|req: 13/77] 127.0.0.1 () {48 vars in 1010 bytes} [Thu Mar 21 17:07:05 2019] GET / => generated 21 bytes in 5 msecs (HTTP/1.1 200) 3 headers in 100 bytes (1 switches on core 0)
now date time: 2019-03-21 09:07
<QuerySet [<Shift: Shift is A班上班>, <Shift: Shift is 测试>]>
A班上班
测试
now date time: 2019-03-21 09:07, 2019-03-20 09:15
now date time: 2019-03-21 09:07
<QuerySet [<Shift: Shift is A班上班>, <Shift: Shift is 测试>]>
A班上班
测试
now date time: 2019-03-21 09:07, 2019-03-20 09:15
now date time: 2019-03-21 09:07
now date time: 2019-03-21 09:07
<QuerySet [<Shift: Shift is A班上班>, <Shift: Shift is 测试>]>
A班上班
测试
now date time: 2019-03-21 09:07, 2019-03-20 09:15
<QuerySet [<Shift: Shift is A班上班>, <Shift: Shift is 测试>]>
A班上班
测试
now date time: 2019-03-21 09:07, 2019-03-20 09:15
now date time: 2019-03-21 09:07
<QuerySet [<Shift: Shift is A班上班>, <Shift: Shift is 测试>]>
A班上班
测试
now date time: 2019-03-21 09:07, 2019-03-20 09:15
now date time: 2019-03-21 09:08
now date time: 2019-03-21 09:08
<QuerySet [<Shift: Shift is A班上班>, <Shift: Shift is 测试>]>
A班上班
测试
now date time: 2019-03-21 09:08, 2019-03-20 09:15
<QuerySet [<Shift: Shift is A班上班>, <Shift: Shift is 测试>]>
A班上班
测试
now date time: 2019-03-21 09:08, 2019-03-20 09:15
now date time: 2019-03-21 09:08
now date time: 2019-03-21 09:08
<QuerySet [<Shift: Shift is A班上班>, <Shift: Shift is 测试>]>
<QuerySet [<Shift: Shift is A班上班>, <Shift: Shift is 测试>]>
A班上班
测试
now date time: 2019-03-21 09:08, 2019-03-20 09:15
A班上班
测试
now date time: 2019-03-21 09:08, 2019-03-20 09:15
now date time: 2019-03-21 09:08
now date time: 2019-03-21 09:08
<QuerySet [<Shift: Shift is A班上班>, <Shift: Shift is 测试>]>
A班上班
测试
now date time: 2019-03-21 09:08, 2019-03-20 09:15
<QuerySet [<Shift: Shift is A班上班>, <Shift: Shift is 测试>]>
A班上班
测试
now date time: 2019-03-21 09:08, 2019-03-20 09:15
now date time: 2019-03-21 09:08
<QuerySet [<Shift: Shift is A班上班>, <Shift: Shift is 测试>]>
A班上班
测试
now date time: 2019-03-21 09:08, 2019-03-20 09:15
now date time: 2019-03-21 09:09
now date time: 2019-03-21 09:09
<QuerySet [<Shift: Shift is A班上班>, <Shift: Shift is 测试>]>
A班上班
测试
now date time: 2019-03-21 09:09, 2019-03-20 09:15
<QuerySet [<Shift: Shift is A班上班>, <Shift: Shift is 测试>]>
A班上班
测试
now date time: 2019-03-21 09:09, 2019-03-20 09:15
now date time: 2019-03-21 09:09
<QuerySet [<Shift: Shift is A班上班>, <Shift: Shift is 测试>]>
A班上班
测试
now date time: 2019-03-21 09:09, 2019-03-20 09:15
now date time: 2019-03-21 09:09
<QuerySet [<Shift: Shift is A班上班>, <Shift: Shift is 测试>]>
A班上班
测试
now date time: 2019-03-21 09:09, 2019-03-20 09:15
now date time: 2019-03-21 09:09
now date time: 2019-03-21 09:09
<QuerySet [<Shift: Shift is A班上班>, <Shift: Shift is 测试>]>
A班上班
测试
now date time: 2019-03-21 09:09, 2019-03-20 09:15
<QuerySet [<Shift: Shift is A班上班>, <Shift: Shift is 测试>]>
A班上班
测试
now date time: 2019-03-21 09:09, 2019-03-20 09:15
now date time: 2019-03-21 09:10
<QuerySet [<Shift: Shift is A班上班>, <Shift: Shift is 测试>]>
A班上班
测试
now date time: 2019-03-21 09:10, 2019-03-20 09:15
now date time: 2019-03-21 09:10
now date time: 2019-03-21 09:10
<QuerySet [<Shift: Shift is A班上班>, <Shift: Shift is 测试>]>
A班上班
测试
now date time: 2019-03-21 09:10, 2019-03-20 09:15
<QuerySet [<Shift: Shift is A班上班>, <Shift: Shift is 测试>]>
A班上班
测试
now date time: 2019-03-21 09:10, 2019-03-20 09:15
now date time: 2019-03-21 09:10
<QuerySet [<Shift: Shift is A班上班>, <Shift: Shift is 测试>]>
A班上班
测试
now date time: 2019-03-21 09:10, 2019-03-20 09:15
now date time: 2019-03-21 09:10
now date time: 2019-03-21 09:10
<QuerySet [<Shift: Shift is A班上班>, <Shift: Shift is 测试>]>
A班上班
测试
now date time: 2019-03-21 09:10, 2019-03-20 09:15
<QuerySet [<Shift: Shift is A班上班>, <Shift: Shift is 测试>]>
A班上班
测试
now date time: 2019-03-21 09:10, 2019-03-20 09:15
now date time: 2019-03-21 09:11
<QuerySet [<Shift: Shift is A班上班>, <Shift: Shift is 测试>]>
A班上班
测试
now date time: 2019-03-21 09:11, 2019-03-20 09:15
now date time: 2019-03-21 09:11
<QuerySet [<Shift: Shift is A班上班>, <Shift: Shift is 测试>]>
A班上班
测试
now date time: 2019-03-21 09:11, 2019-03-20 09:15
now date time: 2019-03-21 09:11
<QuerySet [<Shift: Shift is A班上班>, <Shift: Shift is 测试>]>
A班上班
测试
now date time: 2019-03-21 09:11, 2019-03-20 09:15
now date time: 2019-03-21 09:11
<QuerySet [<Shift: Shift is A班上班>, <Shift: Shift is 测试>]>
A班上班
测试
now date time: 2019-03-21 09:11, 2019-03-20 09:15
now date time: 2019-03-21 09:12
now date time: 2019-03-21 09:12
<QuerySet [<Shift: Shift is A班上班>, <Shift: Shift is 测试>]>
A班上班
测试
now date time: 2019-03-21 09:12, 2019-03-20 09:15
<QuerySet [<Shift: Shift is A班上班>, <Shift: Shift is 测试>]>
A班上班
测试
now date time: 2019-03-21 09:12, 2019-03-20 09:15
now date time: 2019-03-21 09:12
<QuerySet [<Shift: Shift is A班上班>, <Shift: Shift is 测试>]>
A班上班
测试
now date time: 2019-03-21 09:12, 2019-03-20 09:15
now date time: 2019-03-21 09:12
now date time: 2019-03-21 09:12
<QuerySet [<Shift: Shift is A班上班>, <Shift: Shift is 测试>]>
A班上班
测试
now date time: 2019-03-21 09:12, 2019-03-20 09:15
<QuerySet [<Shift: Shift is A班上班>, <Shift: Shift is 测试>]>
A班上班
测试
now date time: 2019-03-21 09:12, 2019-03-20 09:15
now date time: 2019-03-21 09:12
<QuerySet [<Shift: Shift is A班上班>, <Shift: Shift is 测试>]>
A班上班
测试
now date time: 2019-03-21 09:12, 2019-03-20 09:15
now date time: 2019-03-21 09:13
now date time: 2019-03-21 09:13
<QuerySet [<Shift: Shift is A班上班>, <Shift: Shift is 测试>]>
A班上班
测试
now date time: 2019-03-21 09:13, 2019-03-20 09:15
<QuerySet [<Shift: Shift is A班上班>, <Shift: Shift is 测试>]>
A班上班
测试
now date time: 2019-03-21 09:13, 2019-03-20 09:15
now date time: 2019-03-21 09:13
<QuerySet [<Shift: Shift is A班上班>, <Shift: Shift is 测试>]>
A班上班
测试
now date time: 2019-03-21 09:13, 2019-03-20 09:15
now date time: 2019-03-21 09:13
<QuerySet [<Shift: Shift is A班上班>, <Shift: Shift is 测试>]>
A班上班
测试
now date time: 2019-03-21 09:13, 2019-03-20 09:15
now date time: 2019-03-21 09:13
<QuerySet [<Shift: Shift is A班上班>, <Shift: Shift is 测试>]>
A班上班
测试
now date time: 2019-03-21 09:13, 2019-03-20 09:15
now date time: 2019-03-21 09:13
now date time: 2019-03-21 09:13
<QuerySet [<Shift: Shift is A班上班>, <Shift: Shift is 测试>]>
A班上班
测试
now date time: 2019-03-21 09:13, 2019-03-20 09:15
<QuerySet [<Shift: Shift is A班上班>, <Shift: Shift is 测试>]>
A班上班
测试
now date time: 2019-03-21 09:13, 2019-03-20 09:15
now date time: 2019-03-21 09:14
now date time: 2019-03-21 09:14
<QuerySet [<Shift: Shift is A班上班>, <Shift: Shift is 测试>]>
A班上班
测试
now date time: 2019-03-21 09:14, 2019-03-20 09:15
<QuerySet [<Shift: Shift is A班上班>, <Shift: Shift is 测试>]>
A班上班
测试
now date time: 2019-03-21 09:14, 2019-03-20 09:15
now date time: 2019-03-21 09:14
now date time: 2019-03-21 09:14
<QuerySet [<Shift: Shift is A班上班>, <Shift: Shift is 测试>]>
<QuerySet [<Shift: Shift is A班上班>, <Shift: Shift is 测试>]>
A班上班
测试
now date time: 2019-03-21 09:14, 2019-03-20 09:15
A班上班
测试
now date time: 2019-03-21 09:14, 2019-03-20 09:15
now date time: 2019-03-21 09:14
<QuerySet [<Shift: Shift is A班上班>, <Shift: Shift is 测试>]>
A班上班
测试
now date time: 2019-03-21 09:14, 2019-03-20 09:15
now date time: 2019-03-21 09:14
now date time: 2019-03-21 09:14
<QuerySet [<Shift: Shift is A班上班>, <Shift: Shift is 测试>]>
A班上班
测试
now date time: 2019-03-21 09:14, 2019-03-20 09:15
<QuerySet [<Shift: Shift is A班上班>, <Shift: Shift is 测试>]>
A班上班
测试
now date time: 2019-03-21 09:14, 2019-03-20 09:15
now date time: 2019-03-21 09:15
now date time: 2019-03-21 09:15
<QuerySet [<Shift: Shift is A班上班>, <Shift: Shift is 测试>]>
A班上班
<QuerySet [<Shift: Shift is A班上班>, <Shift: Shift is 测试>]>
测试
now date time: 2019-03-21 09:15, 2019-03-20 09:15
A班上班
测试
now date time: 2019-03-21 09:15, 2019-03-20 09:15
now date time: 2019-03-21 09:15
now date time: 2019-03-21 09:15
<QuerySet [<Shift: Shift is A班上班>, <Shift: Shift is 测试>]>
<QuerySet [<Shift: Shift is A班上班>, <Shift: Shift is 测试>]>
A班上班
测试
now date time: 2019-03-21 09:15, 2019-03-20 09:15
A班上班
测试
now date time: 2019-03-21 09:15, 2019-03-20 09:15
now date time: 2019-03-21 09:15
now date time: 2019-03-21 09:15
<QuerySet [<Shift: Shift is A班上班>, <Shift: Shift is 测试>]>
A班上班
测试
now date time: 2019-03-21 09:15, 2019-03-20 09:15
<QuerySet [<Shift: Shift is A班上班>, <Shift: Shift is 测试>]>
A班上班
测试
now date time: 2019-03-21 09:15, 2019-03-20 09:15
now date time: 2019-03-21 09:15
<QuerySet [<Shift: Shift is A班上班>, <Shift: Shift is 测试>]>
A班上班
测试
now date time: 2019-03-21 09:15, 2019-03-20 09:15
[pid: 24855|app: 0|req: 15/78] 127.0.0.1 () {48 vars in 1010 bytes} [Thu Mar 21 17:16:04 2019] GET / => generated 21 bytes in 6 msecs (HTTP/1.1 200) 3 headers in 100 bytes (1 switches on core 0)
now date time: 2019-03-21 09:16
<QuerySet [<Shift: Shift is A班上班>, <Shift: Shift is 测试>]>
A班上班
测试
now date time: 2019-03-21 09:16, 2019-03-20 09:15
now date time: 2019-03-21 09:16
<QuerySet [<Shift: Shift is A班上班>, <Shift: Shift is 测试>]>
A班上班
测试
now date time: 2019-03-21 09:16, 2019-03-20 09:15
now date time: 2019-03-21 09:16
<QuerySet [<Shift: Shift is A班上班>, <Shift: Shift is 测试>]>
A班上班
测试
now date time: 2019-03-21 09:16, 2019-03-20 09:15
now date time: 2019-03-21 09:16
<QuerySet [<Shift: Shift is A班上班>, <Shift: Shift is 测试>]>
A班上班
测试
now date time: 2019-03-21 09:16, 2019-03-20 09:15
now date time: 2019-03-21 09:17
<QuerySet [<Shift: Shift is A班上班>, <Shift: Shift is 测试>]>
A班上班
测试
now date time: 2019-03-21 09:17, 2019-03-20 09:15
now date time: 2019-03-21 09:17
<QuerySet [<Shift: Shift is A班上班>, <Shift: Shift is 测试>]>
A班上班
测试
now date time: 2019-03-21 09:17, 2019-03-20 09:15
now date time: 2019-03-21 09:17
<QuerySet [<Shift: Shift is A班上班>, <Shift: Shift is 测试>]>
A班上班
测试
now date time: 2019-03-21 09:17, 2019-03-20 09:15
now date time: 2019-03-21 09:17
<QuerySet [<Shift: Shift is A班上班>, <Shift: Shift is 测试>]>
A班上班
测试
now date time: 2019-03-21 09:17, 2019-03-20 09:15
now date time: 2019-03-21 09:17
<QuerySet [<Shift: Shift is A班上班>, <Shift: Shift is 测试>]>
A班上班
测试
now date time: 2019-03-21 09:17, 2019-03-20 09:15
now date time: 2019-03-21 09:18
<QuerySet [<Shift: Shift is A班上班>, <Shift: Shift is 测试>]>
A班上班
测试
now date time: 2019-03-21 09:18, 2019-03-20 09:15
now date time: 2019-03-21 09:18
now date time: 2019-03-21 09:18
<QuerySet [<Shift: Shift is A班上班>, <Shift: Shift is 测试>]>
A班上班
测试
now date time: 2019-03-21 09:18, 2019-03-20 09:15
<QuerySet [<Shift: Shift is A班上班>, <Shift: Shift is 测试>]>
A班上班
测试
now date time: 2019-03-21 09:18, 2019-03-20 09:15
now date time: 2019-03-21 09:18
<QuerySet [<Shift: Shift is A班上班>, <Shift: Shift is 测试>]>
A班上班
测试
now date time: 2019-03-21 09:18, 2019-03-20 09:15
now date time: 2019-03-21 09:18
<QuerySet [<Shift: Shift is A班上班>, <Shift: Shift is 测试>]>
A班上班
测试
now date time: 2019-03-21 09:18, 2019-03-20 09:15
now date time: 2019-03-21 09:18
now date time: 2019-03-21 09:18
<QuerySet [<Shift: Shift is A班上班>, <Shift: Shift is 测试>]>
A班上班
测试
now date time: 2019-03-21 09:18, 2019-03-20 09:15
<QuerySet [<Shift: Shift is A班上班>, <Shift: Shift is 测试>]>
A班上班
测试
now date time: 2019-03-21 09:18, 2019-03-20 09:15
now date time: 2019-03-21 09:19
<QuerySet [<Shift: Shift is A班上班>, <Shift: Shift is 测试>]>
A班上班
测试
now date time: 2019-03-21 09:19, 2019-03-20 09:15
now date time: 2019-03-21 09:19
now date time: 2019-03-21 09:19
<QuerySet [<Shift: Shift is A班上班>, <Shift: Shift is 测试>]>
A班上班
测试
now date time: 2019-03-21 09:19, 2019-03-20 09:15
<QuerySet [<Shift: Shift is A班上班>, <Shift: Shift is 测试>]>
A班上班
测试
now date time: 2019-03-21 09:19, 2019-03-20 09:15
now date time: 2019-03-21 09:19
<QuerySet [<Shift: Shift is A班上班>, <Shift: Shift is 测试>]>
A班上班
测试
now date time: 2019-03-21 09:19, 2019-03-20 09:15
now date time: 2019-03-21 09:19
<QuerySet [<Shift: Shift is A班上班>, <Shift: Shift is 测试>]>
A班上班
测试
now date time: 2019-03-21 09:19, 2019-03-20 09:15
now date time: 2019-03-21 09:20
now date time: 2019-03-21 09:20
<QuerySet [<Shift: Shift is A班上班>, <Shift: Shift is 测试>]>
A班上班
测试
now date time: 2019-03-21 09:20, 2019-03-20 09:15
<QuerySet [<Shift: Shift is A班上班>, <Shift: Shift is 测试>]>
A班上班
测试
now date time: 2019-03-21 09:20, 2019-03-20 09:15
now date time: 2019-03-21 09:20
<QuerySet [<Shift: Shift is A班上班>, <Shift: Shift is 测试>]>
A班上班
测试
now date time: 2019-03-21 09:20, 2019-03-20 09:15
now date time: 2019-03-21 09:20
now date time: 2019-03-21 09:20
<QuerySet [<Shift: Shift is A班上班>, <Shift: Shift is 测试>]>
<QuerySet [<Shift: Shift is A班上班>, <Shift: Shift is 测试>]>
A班上班
测试
now date time: 2019-03-21 09:20, 2019-03-20 09:15
A班上班
测试
now date time: 2019-03-21 09:20, 2019-03-20 09:15
now date time: 2019-03-21 09:20
<QuerySet [<Shift: Shift is A班上班>, <Shift: Shift is 测试>]>
A班上班
测试
now date time: 2019-03-21 09:20, 2019-03-20 09:15
now date time: 2019-03-21 09:20
<QuerySet [<Shift: Shift is A班上班>, <Shift: Shift is 测试>]>
A班上班
测试
now date time: 2019-03-21 09:20, 2019-03-20 09:15
now date time: 2019-03-21 09:21
<QuerySet [<Shift: Shift is A班上班>, <Shift: Shift is 测试>]>
A班上班
测试
now date time: 2019-03-21 09:21, 2019-03-20 09:15
now date time: 2019-03-21 09:21
<QuerySet [<Shift: Shift is A班上班>, <Shift: Shift is 测试>]>
A班上班
测试
now date time: 2019-03-21 09:21, 2019-03-20 09:15
now date time: 2019-03-21 09:21
<QuerySet [<Shift: Shift is A班上班>, <Shift: Shift is 测试>]>
A班上班
测试
now date time: 2019-03-21 09:21, 2019-03-20 09:15
now date time: 2019-03-21 09:21
<QuerySet [<Shift: Shift is A班上班>, <Shift: Shift is 测试>]>
A班上班
测试
now date time: 2019-03-21 09:21, 2019-03-20 09:15
now date time: 2019-03-21 09:21
<QuerySet [<Shift: Shift is A班上班>, <Shift: Shift is 测试>]>
A班上班
测试
now date time: 2019-03-21 09:21, 2019-03-20 09:15
now date time: 2019-03-21 09:22
<QuerySet [<Shift: Shift is A班上班>, <Shift: Shift is 测试>]>
A班上班
测试
now date time: 2019-03-21 09:22, 2019-03-20 09:15
now date time: 2019-03-21 09:22
now date time: 2019-03-21 09:22
<QuerySet [<Shift: Shift is A班上班>, <Shift: Shift is 测试>]>
A班上班
测试
now date time: 2019-03-21 09:22, 2019-03-20 09:15
<QuerySet [<Shift: Shift is A班上班>, <Shift: Shift is 测试>]>
A班上班
测试
now date time: 2019-03-21 09:22, 2019-03-20 09:15
now date time: 2019-03-21 09:22
<QuerySet [<Shift: Shift is A班上班>, <Shift: Shift is 测试>]>
A班上班
测试
now date time: 2019-03-21 09:22, 2019-03-20 09:15
now date time: 2019-03-21 09:22
now date time: 2019-03-21 09:22
<QuerySet [<Shift: Shift is A班上班>, <Shift: Shift is 测试>]>
<QuerySet [<Shift: Shift is A班上班>, <Shift: Shift is 测试>]>
A班上班
测试
now date time: 2019-03-21 09:22, 2019-03-20 09:15
now date time: 2019-03-21 09:22
<QuerySet [<Shift: Shift is A班上班>, <Shift: Shift is 测试>]>
now date time: 2019-03-21 09:22
<QuerySet [<Shift: Shift is A班上班>, <Shift: Shift is 测试>]>
A班上班
测试
now date time: 2019-03-21 09:22, 2019-03-20 09:15
A班上班
测试
now date time: 2019-03-21 09:22, 2019-03-20 09:15
A班上班
测试
now date time: 2019-03-21 09:22, 2019-03-20 09:15
now date time: 2019-03-21 09:23
now date time: 2019-03-21 09:23
<QuerySet [<Shift: Shift is A班上班>, <Shift: Shift is 测试>]>
<QuerySet [<Shift: Shift is A班上班>, <Shift: Shift is 测试>]>
A班上班
测试
now date time: 2019-03-21 09:23, 2019-03-20 09:15
A班上班
测试
now date time: 2019-03-21 09:23, 2019-03-20 09:15
now date time: 2019-03-21 09:23
<QuerySet [<Shift: Shift is A班上班>, <Shift: Shift is 测试>]>
A班上班
测试
now date time: 2019-03-21 09:23, 2019-03-20 09:15
now date time: 2019-03-21 09:23
now date time: 2019-03-21 09:23
<QuerySet [<Shift: Shift is A班上班>, <Shift: Shift is 测试>]>
A班上班
测试
now date time: 2019-03-21 09:23, 2019-03-20 09:15
<QuerySet [<Shift: Shift is A班上班>, <Shift: Shift is 测试>]>
A班上班
测试
now date time: 2019-03-21 09:23, 2019-03-20 09:15
now date time: 2019-03-21 09:23
<QuerySet [<Shift: Shift is A班上班>, <Shift: Shift is 测试>]>
A班上班
测试
now date time: 2019-03-21 09:23, 2019-03-20 09:15
now date time: 2019-03-21 09:24
<QuerySet [<Shift: Shift is A班上班>, <Shift: Shift is 测试>]>
A班上班
测试
now date time: 2019-03-21 09:24, 2019-03-20 09:15
now date time: 2019-03-21 09:24
<QuerySet [<Shift: Shift is A班上班>, <Shift: Shift is 测试>]>
A班上班
测试
now date time: 2019-03-21 09:24, 2019-03-20 09:15
now date time: 2019-03-21 09:24
<QuerySet [<Shift: Shift is A班上班>, <Shift: Shift is 测试>]>
A班上班
测试
now date time: 2019-03-21 09:24, 2019-03-20 09:15
now date time: 2019-03-21 09:24
<QuerySet [<Shift: Shift is A班上班>, <Shift: Shift is 测试>]>
A班上班
测试
now date time: 2019-03-21 09:24, 2019-03-20 09:15
now date time: 2019-03-21 09:25
<QuerySet [<Shift: Shift is A班上班>, <Shift: Shift is 测试>]>
A班上班
测试
now date time: 2019-03-21 09:25, 2019-03-20 09:15
now date time: 2019-03-21 09:25
now date time: 2019-03-21 09:25
<QuerySet [<Shift: Shift is A班上班>, <Shift: Shift is 测试>]>
A班上班
测试
now date time: 2019-03-21 09:25, 2019-03-20 09:15
<QuerySet [<Shift: Shift is A班上班>, <Shift: Shift is 测试>]>
A班上班
测试
now date time: 2019-03-21 09:25, 2019-03-20 09:15
now date time: 2019-03-21 09:25
now date time: 2019-03-21 09:25
<QuerySet [<Shift: Shift is A班上班>, <Shift: Shift is 测试>]>
A班上班
测试
now date time: 2019-03-21 09:25, 2019-03-20 09:15
<QuerySet [<Shift: Shift is A班上班>, <Shift: Shift is 测试>]>
A班上班
测试
now date time: 2019-03-21 09:25, 2019-03-20 09:15
now date time: 2019-03-21 09:25
<QuerySet [<Shift: Shift is A班上班>, <Shift: Shift is 测试>]>
A班上班
测试
now date time: 2019-03-21 09:25, 2019-03-20 09:15
now date time: 2019-03-21 09:26
now date time: 2019-03-21 09:26
<QuerySet [<Shift: Shift is A班上班>, <Shift: Shift is 测试>]>
A班上班
测试
now date time: 2019-03-21 09:26, 2019-03-20 09:15
<QuerySet [<Shift: Shift is A班上班>, <Shift: Shift is 测试>]>
A班上班
测试
now date time: 2019-03-21 09:26, 2019-03-20 09:15
now date time: 2019-03-21 09:26
<QuerySet [<Shift: Shift is A班上班>, <Shift: Shift is 测试>]>
A班上班
测试
now date time: 2019-03-21 09:26, 2019-03-20 09:15
now date time: 2019-03-21 09:26
now date time: 2019-03-21 09:26
<QuerySet [<Shift: Shift is A班上班>, <Shift: Shift is 测试>]>
<QuerySet [<Shift: Shift is A班上班>, <Shift: Shift is 测试>]>
A班上班
测试
now date time: 2019-03-21 09:26, 2019-03-20 09:15
A班上班
测试
now date time: 2019-03-21 09:26, 2019-03-20 09:15
now date time: 2019-03-21 09:26
<QuerySet [<Shift: Shift is A班上班>, <Shift: Shift is 测试>]>
A班上班
测试
now date time: 2019-03-21 09:26, 2019-03-20 09:15
now date time: 2019-03-21 09:27
now date time: 2019-03-21 09:27
<QuerySet [<Shift: Shift is A班上班>, <Shift: Shift is 测试>]>
<QuerySet [<Shift: Shift is A班上班>, <Shift: Shift is 测试>]>
A班上班
测试
now date time: 2019-03-21 09:27, 2019-03-20 09:15
A班上班
测试
now date time: 2019-03-21 09:27, 2019-03-20 09:15
now date time: 2019-03-21 09:27
<QuerySet [<Shift: Shift is A班上班>, <Shift: Shift is 测试>]>
A班上班
测试
now date time: 2019-03-21 09:27, 2019-03-20 09:15
now date time: 2019-03-21 09:27
<QuerySet [<Shift: Shift is A班上班>, <Shift: Shift is 测试>]>
A班上班
测试
now date time: 2019-03-21 09:27, 2019-03-20 09:15
now date time: 2019-03-21 09:27
<QuerySet [<Shift: Shift is A班上班>, <Shift: Shift is 测试>]>
A班上班
测试
now date time: 2019-03-21 09:27, 2019-03-20 09:15
now date time: 2019-03-21 09:27
now date time: 2019-03-21 09:27
<QuerySet [<Shift: Shift is A班上班>, <Shift: Shift is 测试>]>
A班上班
测试
now date time: 2019-03-21 09:27, 2019-03-20 09:15
<QuerySet [<Shift: Shift is A班上班>, <Shift: Shift is 测试>]>
A班上班
测试
now date time: 2019-03-21 09:27, 2019-03-20 09:15
now date time: 2019-03-21 09:27
<QuerySet [<Shift: Shift is A班上班>, <Shift: Shift is 测试>]>
A班上班
测试
now date time: 2019-03-21 09:27, 2019-03-20 09:15
now date time: 2019-03-21 09:28
now date time: 2019-03-21 09:28
<QuerySet [<Shift: Shift is A班上班>, <Shift: Shift is 测试>]>
<QuerySet [<Shift: Shift is A班上班>, <Shift: Shift is 测试>]>
A班上班
测试
now date time: 2019-03-21 09:28, 2019-03-20 09:15
A班上班
测试
now date time: 2019-03-21 09:28, 2019-03-20 09:15
now date time: 2019-03-21 09:28
<QuerySet [<Shift: Shift is A班上班>, <Shift: Shift is 测试>]>
A班上班
测试
now date time: 2019-03-21 09:28, 2019-03-20 09:15
now date time: 2019-03-21 09:28
<QuerySet [<Shift: Shift is A班上班>, <Shift: Shift is 测试>]>
A班上班
测试
now date time: 2019-03-21 09:28, 2019-03-20 09:15
now date time: 2019-03-21 09:28
<QuerySet [<Shift: Shift is A班上班>, <Shift: Shift is 测试>]>
A班上班
测试
now date time: 2019-03-21 09:28, 2019-03-20 09:15
now date time: 2019-03-21 09:29
<QuerySet [<Shift: Shift is A班上班>, <Shift: Shift is 测试>]>
A班上班
测试
now date time: 2019-03-21 09:29, 2019-03-20 09:15
now date time: 2019-03-21 09:29
<QuerySet [<Shift: Shift is A班上班>, <Shift: Shift is 测试>]>
A班上班
测试
now date time: 2019-03-21 09:29, 2019-03-20 09:15
now date time: 2019-03-21 09:29
<QuerySet [<Shift: Shift is A班上班>, <Shift: Shift is 测试>]>
A班上班
测试
now date time: 2019-03-21 09:29, 2019-03-20 09:15
now date time: 2019-03-21 09:29
now date time: 2019-03-21 09:29
<QuerySet [<Shift: Shift is A班上班>, <Shift: Shift is 测试>]>
A班上班
测试
now date time: 2019-03-21 09:29, 2019-03-20 09:15
<QuerySet [<Shift: Shift is A班上班>, <Shift: Shift is 测试>]>
A班上班
测试
now date time: 2019-03-21 09:29, 2019-03-20 09:15
